#
# A fatal error has been detected by the Java Runtime Environment:
#
#  EXCEPTION_ACCESS_VIOLATION (0xc0000005) at pc=0x00007ffcc8bea1a5, pid=2360, tid=6324
#
# JRE version: Java(TM) SE Runtime Environment (9.0+11) (build 9.0.4+11)
# Java VM: Java HotSpot(TM) 64-Bit Server VM (9.0.4+11, mixed mode, tiered, compressed oops, g1 gc, windows-amd64)
# Problematic frame:
# C  [librdi_common.dll+0x17a1a5]
#
# No core dump will be written. Minidumps are not enabled by default on client versions of Windows
#
# If you would like to submit a bug report, please visit:
#   http://bugreport.java.com/bugreport/crash.jsp
# The crash happened outside the Java Virtual Machine in native code.
# See problematic frame for where to report the bug.
#

---------------  S U M M A R Y ------------

Command Line: -Dsun.java2d.pmoffscreen=false -Dsun.java2d.xrender=false -Dsun.java2d.d3d=false -Dsun.awt.nopixfmt=true -Dsun.java2d.dpiaware=true -Dsun.java2d.uiScale.enabled=false -Xverify:none -Dswing.aatext=true -XX:-UsePerfData -Djdk.map.althashing.threshold=512 -XX:StringTableSize=4072 --add-opens=java.base/java.nio=ALL-UNNAMED --add-opens=java.desktop/sun.swing=ALL-UNNAMED --add-opens=java.desktop/javax.swing=ALL-UNNAMED --add-opens=java.desktop/javax.swing.tree=ALL-UNNAMED --add-opens=java.desktop/javax.swing.plaf.basic=ALL-UNNAMED --add-opens=java.desktop/javax.swing.plaf.synth=ALL-UNNAMED --add-opens=java.desktop/com.sun.awt=ALL-UNNAMED -XX:NewSize=60m -XX:MaxNewSize=60m -Xms128m -Xmx3072m -Xss5m 

Host: Intel(R) Core(TM) i5-10210U CPU @ 1.60GHz, 8 cores, 15G,  Windows 10 , 64 bit Build 18362 (10.0.18362.959)
Time: Fri Jul 31 14:19:37 2020 ?D1¨²¡À¨º¡Á?¨º¡À?? elapsed time: 19180 seconds (0d 5h 19m 40s)

---------------  T H R E A D  ---------------

Current thread (0x00000242439a9800):  JavaThread "AWT-EventQueue-1" [_thread_in_native, id=6324, stack(0x0000006485800000,0x0000006485d00000)]

Stack: [0x0000006485800000,0x0000006485d00000],  sp=0x0000006485cfadc0,  free space=5099k
Native frames: (J=compiled Java code, j=interpreted, Vv=VM code, C=native code)
C  [librdi_common.dll+0x17a1a5]
C  [librdi_common.dll+0x16ee15]
C  [librdi_common.dll+0x1386da]
C  0x00007ffc9b191eff
C  0x00007ffc9b2121df
C  0x00007ffc9b219e19
C  0x00007ffc9b1ea4cb
C  0x00007ffc9b226de7
C  0x0000024234fadb3a

Java frames: (J=compiled Java code, j=interpreted, Vv=VM code)
J 22748  ui.views.waveform.waveformi.WVExecutive_getTooltipTextDelayed(J)Ljava/lang/String; (0 bytes) @ 0x0000024234fadaa1 [0x0000024234fada60+0x0000000000000041]
J 22833 c1 ui.views.waveform.b.a.bG(Ljava/awt/event/MouseEvent;)V (135 bytes) @ 0x000002422e23e9a4 [0x000002422e23e300+0x00000000000006a4]
J 23023 c1 ui.views.waveform.b.a.mouseMoved(Ljava/awt/event/MouseEvent;)V (32 bytes) @ 0x000002422e528ac4 [0x000002422e528520+0x00000000000005a4]
J 23733 c2 java.awt.AWTEventMulticaster.mouseMoved(Ljava/awt/event/MouseEvent;)V java.desktop@9.0.4 (27 bytes) @ 0x00000242351aa7f4 [0x00000242351aa740+0x00000000000000b4]
J 23733 c2 java.awt.AWTEventMulticaster.mouseMoved(Ljava/awt/event/MouseEvent;)V java.desktop@9.0.4 (27 bytes) @ 0x00000242351aa7b4 [0x00000242351aa740+0x0000000000000074]
J 25382 c2 javax.swing.JComponent.processMouseMotionEvent(Ljava/awt/event/MouseEvent;)V java.desktop@9.0.4 (46 bytes) @ 0x000002423479507c [0x0000024234794fc0+0x00000000000000bc]
J 22770 c1 ui.frmwork.c.i.processMouseMotionEvent(Ljava/awt/event/MouseEvent;)V (131 bytes) @ 0x000002422ddcbc44 [0x000002422ddcad80+0x0000000000000ec4]
J 13062 c2 java.awt.Container.processEvent(Ljava/awt/AWTEvent;)V java.desktop@9.0.4 (22 bytes) @ 0x00000242342fa618 [0x00000242342fa4a0+0x0000000000000178]
J 28347 c2 java.awt.Component.dispatchEventImpl(Ljava/awt/AWTEvent;)V java.desktop@9.0.4 (739 bytes) @ 0x00000242356a9ba8 [0x00000242356a87c0+0x00000000000013e8]
J 28153 c2 java.awt.Container.dispatchEventImpl(Ljava/awt/AWTEvent;)V java.desktop@9.0.4 (129 bytes) @ 0x00000242355cb340 [0x00000242355cb1e0+0x0000000000000160]
J 17773 c2 java.awt.LightweightDispatcher.retargetMouseEvent(Ljava/awt/Component;ILjava/awt/event/MouseEvent;)V java.desktop@9.0.4 (350 bytes) @ 0x0000024234a1da88 [0x0000024234a1d4e0+0x00000000000005a8]
J 23794 c2 java.awt.LightweightDispatcher.processMouseEvent(Ljava/awt/event/MouseEvent;)Z java.desktop@9.0.4 (265 bytes) @ 0x000002423520cf60 [0x000002423520c7a0+0x00000000000007c0]
J 28153 c2 java.awt.Container.dispatchEventImpl(Ljava/awt/AWTEvent;)V java.desktop@9.0.4 (129 bytes) @ 0x00000242355cb290 [0x00000242355cb1e0+0x00000000000000b0]
J 22774 c2 java.awt.Window.dispatchEventImpl(Ljava/awt/AWTEvent;)V java.desktop@9.0.4 (23 bytes) @ 0x0000024234fb1e0c [0x0000024234fb1dc0+0x000000000000004c]
J 13693 c2 java.awt.EventQueue$3.run()Ljava/lang/Object; java.desktop@9.0.4 (5 bytes) @ 0x00000242343ac948 [0x00000242343ac7a0+0x00000000000001a8]
v  ~StubRoutines::call_stub
J 3822  java.security.AccessController.doPrivileged(Ljava/security/PrivilegedAction;Ljava/security/AccessControlContext;)Ljava/lang/Object; java.base@9.0.4 (0 bytes) @ 0x0000024233ba4246 [0x0000024233ba41e0+0x0000000000000066]
J 18780 c2 java.awt.EventQueue$4.run()Ljava/lang/Object; java.desktop@9.0.4 (5 bytes) @ 0x0000024234b9be40 [0x0000024234b9bbe0+0x0000000000000260]
v  ~StubRoutines::call_stub
J 3822  java.security.AccessController.doPrivileged(Ljava/security/PrivilegedAction;Ljava/security/AccessControlContext;)Ljava/lang/Object; java.base@9.0.4 (0 bytes) @ 0x0000024233ba4246 [0x0000024233ba41e0+0x0000000000000066]
J 27224 c2 java.awt.EventQueue.dispatchEvent(Ljava/awt/AWTEvent;)V java.desktop@9.0.4 (80 bytes) @ 0x000002423482709c [0x0000024234826b40+0x000000000000055c]
J 27255 c2 ui.frmwork.b.d.dispatchEvent(Ljava/awt/AWTEvent;)V (34 bytes) @ 0x000002423541d5a4 [0x000002423541d480+0x0000000000000124]
J 26737 c2 java.awt.EventDispatchThread.pumpOneEventForFilters(I)V java.desktop@9.0.4 (218 bytes) @ 0x0000024234d193c8 [0x0000024234d19100+0x00000000000002c8]
J 23772% c2 java.awt.EventDispatchThread.pumpEventsForFilter(ILjava/awt/Conditional;Ljava/awt/EventFilter;)V java.desktop@9.0.4 (47 bytes) @ 0x00000242351e3ed8 [0x00000242351e3dc0+0x0000000000000118]
j  java.awt.EventDispatchThread.pumpEventsForHierarchy(ILjava/awt/Conditional;Ljava/awt/Component;)V+11 java.desktop@9.0.4
j  java.awt.EventDispatchThread.pumpEvents(ILjava/awt/Conditional;)V+4 java.desktop@9.0.4
j  java.awt.EventDispatchThread.pumpEvents(Ljava/awt/Conditional;)V+3 java.desktop@9.0.4
j  java.awt.EventDispatchThread.run()V+9 java.desktop@9.0.4
v  ~StubRoutines::call_stub

siginfo: EXCEPTION_ACCESS_VIOLATION (0xc0000005), reading address 0xffffffffffffffff


Register to memory mapping:

RIP=0x00007ffcc8bea1a5 librdi_common.dll
RAX=0x000002421807fc01 is an unknown value
RBX=0x88082a00152c2134 is an unknown value
RCX=0x000002421807fc70 is an unknown value
RDX=0x88082a00152c2134 is an unknown value
RSP=0x0000006485cfadc0 is pointing into the stack for thread: 0x00000242439a9800
RBP=0x0000006485cfaef0 is pointing into the stack for thread: 0x00000242439a9800
RSI=0x0000024289bdfb80 is an unknown value
RDI=0x0000006485cfafd8 is pointing into the stack for thread: 0x00000242439a9800
R8 =0x0000006485cfafd8 is pointing into the stack for thread: 0x00000242439a9800
R9 =0x0000000000000000 is an unknown value
R10=0x00000242892a0ce8 is an unknown value
R11=0x000002429ec1e168 is an unknown value
R12=0x0000006485cfafd8 is pointing into the stack for thread: 0x00000242439a9800
R13=0x0000000000000000 is an unknown value
R14=0x00000242184984e0 is an unknown value
R15=0x88082a00152c2134 is an unknown value


Registers:
RAX=0x000002421807fc01, RBX=0x88082a00152c2134, RCX=0x000002421807fc70, RDX=0x88082a00152c2134
RSP=0x0000006485cfadc0, RBP=0x0000006485cfaef0, RSI=0x0000024289bdfb80, RDI=0x0000006485cfafd8
R8 =0x0000006485cfafd8, R9 =0x0000000000000000, R10=0x00000242892a0ce8, R11=0x000002429ec1e168
R12=0x0000006485cfafd8, R13=0x0000000000000000, R14=0x00000242184984e0, R15=0x88082a00152c2134
RIP=0x00007ffcc8bea1a5, EFLAGS=0x0000000000010202

Top of Stack: (sp=0x0000006485cfadc0)
0x0000006485cfadc0:   0000006485cfb170 00007ffcfd5190b7
0x0000006485cfadd0:   0000006400000000 88082a00152c2134
0x0000006485cfade0:   88082a00152c2134 00007ffcc8bdee15
0x0000006485cfadf0:   0000006485cfb020 00007ffcfd51934f
0x0000006485cfae00:   000069c0b6c80b5c 000002429cfe7690
0x0000006485cfae10:   000002429cfe7690 000002429ec1e140
0x0000006485cfae20:   0000000000000701 00007ffcc8c48985
0x0000006485cfae30:   000002428a0a2ce0 000002429ec1e148
0x0000006485cfae40:   000002429ec1e188 000002429ec1e140
0x0000006485cfae50:   fffffffffffffffe 00007ffcc91b6a6d
0x0000006485cfae60:   fffffffffffffffe 00007ffcc98a3fe0
0x0000006485cfae70:   000002429ec1e140 0000024216510038
0x0000006485cfae80:   0000006485cfafd8 00007ffcc8c47c76
0x0000006485cfae90:   000002429ec1e140 0000006485cfafd8
0x0000006485cfaea0:   0000024200000701 0000000000000000
0x0000006485cfaeb0:   fffffffffffffffe 000000000000000f 

Instructions: (pc=0x00007ffcc8bea1a5)
0x00007ffcc8bea185:   20 48 8b d9 e8 22 c4 04 00 48 8b c8 48 8b d3 e8
0x00007ffcc8bea195:   27 0d 05 00 84 c0 75 08 33 c0 48 83 c4 20 5b c3
0x00007ffcc8bea1a5:   48 8b 4b 50 48 85 c9 74 0a 48 83 c4 20 5b e9 68
0x00007ffcc8bea1b5:   e2 04 00 48 8b d3 48 8d 0d 26 fc 73 00 e8 59 b7 



---------------  P R O C E S S  ---------------

Java Threads: ( => current thread )
  0x000002429d953000 JavaThread "Relaunch Simulation" [_thread_blocked, id=16756, stack(0x000000648ad00000,0x000000648b200000)]
  0x000002429d952000 JavaThread "Swing-Shell" daemon [_thread_blocked, id=17380, stack(0x0000006489000000,0x0000006489500000)]
  0x0000024289338000 JavaThread "Thread-19743" [_thread_in_native, id=12680, stack(0x0000006488d00000,0x0000006488e00000)]
  0x000002429cf8d000 JavaThread "Thread-19590" [_thread_in_native, id=11348, stack(0x0000006488e00000,0x0000006488f00000)]
  0x0000024220805000 JavaThread "Thread-19589" [_thread_in_native, id=15640, stack(0x0000006484a00000,0x0000006484b00000)]
  0x0000024251fa0000 JavaThread "Thread-19167" [_thread_in_native, id=16976, stack(0x0000006484a00000,0x0000006484b00000)]
  0x0000024251f96000 JavaThread "Thread-19166" [_thread_in_native, id=12276, stack(0x0000006488300000,0x0000006488400000)]
  0x000002429cf8c800 JavaThread "Thread-19069" [_thread_in_native, id=1496, stack(0x0000006484a00000,0x0000006484b00000)]
  0x000002429cf8b800 JavaThread "Thread-19008" [_thread_in_native, id=9188, stack(0x0000006488e00000,0x0000006488f00000)]
  0x000002429cf8b000 JavaThread "Thread-18875" [_thread_in_native, id=1608, stack(0x0000006488300000,0x0000006488400000)]
  0x000002429cf8a000 JavaThread "Thread-18861" [_thread_in_native, id=11376, stack(0x0000006488d00000,0x0000006488e00000)]
  0x000002429cf88800 JavaThread "Thread-18843" [_thread_in_native, id=17116, stack(0x0000006489100000,0x0000006489200000)]
  0x000002429cf89800 JavaThread "Thread-18842" [_thread_in_native, id=3636, stack(0x0000006489000000,0x0000006489100000)]
  0x000002429cf88000 JavaThread "Thread-18256" [_thread_in_native, id=16176, stack(0x0000006484a00000,0x0000006484b00000)]
  0x000002429cf80800 JavaThread "Thread-18227" [_thread_in_native, id=4936, stack(0x0000006489100000,0x0000006489200000)]
  0x000002429cf87000 JavaThread "Thread-18125" [_thread_in_native, id=12056, stack(0x0000006488e00000,0x0000006488f00000)]
  0x000002429cf85800 JavaThread "Thread-18124" [_thread_in_native, id=5960, stack(0x0000006488300000,0x0000006488400000)]
  0x000002429cf7d800 JavaThread "Thread-17616" [_thread_in_native, id=13156, stack(0x0000006484d00000,0x0000006484e00000)]
  0x000002429cf85000 JavaThread "Thread-13828" [_thread_in_native, id=3952, stack(0x0000006488300000,0x0000006488400000)]
  0x000002429cf82000 JavaThread "Thread-13827" [_thread_in_native, id=8864, stack(0x0000006488d00000,0x0000006488e00000)]
  0x000002429cf84000 JavaThread "Thread-13548" [_thread_in_native, id=2828, stack(0x0000006489500000,0x0000006489600000)]
  0x000002429cf7e000 JavaThread "Thread-13481" [_thread_in_native, id=2096, stack(0x0000006488e00000,0x0000006488f00000)]
  0x000002429cf82800 JavaThread "Thread-13183" [_thread_in_native, id=9740, stack(0x0000006489600000,0x0000006489700000)]
  0x000002429cf7f000 JavaThread "Thread-13182" [_thread_in_native, id=6988, stack(0x0000006488d00000,0x0000006488e00000)]
  0x000002429cf7f800 JavaThread "Update Runs Swing Worker" [_thread_blocked, id=3600, stack(0x000000648a800000,0x000000648ad00000)]
  0x0000024289342800 JavaThread "Thread-12824" [_thread_in_native, id=2816, stack(0x0000006488d00000,0x0000006488e00000)]
  0x0000024289339800 JavaThread "Thread-12823" [_thread_in_native, id=11220, stack(0x0000006488300000,0x0000006488400000)]
  0x000002428933e000 JavaThread "Thread-6048" [_thread_in_native, id=15200, stack(0x0000006488d00000,0x0000006488e00000)]
  0x000002428933c800 JavaThread "Thread-6047" [_thread_in_native, id=14740, stack(0x0000006488e00000,0x0000006488f00000)]
  0x0000024289340800 JavaThread "Thread-5661" [_thread_in_native, id=12060, stack(0x0000006488300000,0x0000006488400000)]
  0x0000024289334800 JavaThread "Thread-5660" [_thread_in_native, id=3628, stack(0x0000006488e00000,0x0000006488f00000)]
  0x000002428933b000 JavaThread "Thread-5389" [_thread_in_native, id=12016, stack(0x0000006488e00000,0x0000006488f00000)]
  0x0000024289335000 JavaThread "Thread-5388" [_thread_in_native, id=1444, stack(0x0000006488300000,0x0000006488400000)]
  0x0000024289339000 JavaThread "Thread-3288" [_thread_in_native, id=15160, stack(0x0000006488400000,0x0000006488500000)]
  0x000002428933a800 JavaThread "Thread-3269" [_thread_in_native, id=6484, stack(0x0000006484b00000,0x0000006484c00000)]
  0x0000024220800800 JavaThread "Thread-3077" [_thread_in_native, id=2172, stack(0x0000006488400000,0x0000006488500000)]
  0x0000024251f9f000 JavaThread "Thread-2797" [_thread_in_native, id=9996, stack(0x0000006488e00000,0x0000006488f00000)]
  0x0000024251f9e800 JavaThread "Thread-1927" [_thread_in_native, id=14584, stack(0x0000006484b00000,0x0000006484c00000)]
  0x0000024251f9d800 JavaThread "Thread-1926" [_thread_in_native, id=12380, stack(0x0000006488300000,0x0000006488400000)]
  0x0000024251fa1800 JavaThread "Thread-1895" [_thread_in_native, id=14792, stack(0x0000006489800000,0x0000006489900000)]
  0x0000024251f9c000 JavaThread "Thread-1894" [_thread_in_native, id=5348, stack(0x0000006488400000,0x0000006488500000)]
  0x0000024251f94800 JavaThread "Thread-1353" [_thread_in_native, id=13796, stack(0x0000006488500000,0x0000006488600000)]
  0x0000024251f9b800 JavaThread "Thread-1105" [_thread_in_native, id=9648, stack(0x0000006488300000,0x0000006488400000)]
  0x0000024251f94000 JavaThread "Thread-1101" [_thread_in_native, id=10116, stack(0x0000006484a00000,0x0000006484b00000)]
  0x0000024251f97800 JavaThread "Thread-1091" [_thread_in_native, id=3960, stack(0x0000006488400000,0x0000006488500000)]
  0x0000024251f98800 JavaThread "Thread-1090" [_thread_in_native, id=10188, stack(0x0000006488d00000,0x0000006488e00000)]
  0x0000024251f9d000 JavaThread "SyntheticaAnimation 50" daemon [_thread_blocked, id=15308, stack(0x0000006488800000,0x0000006488d00000)]
  0x0000024251f9a000 JavaThread "Thread-505" [_thread_in_native, id=7276, stack(0x0000006486800000,0x0000006486900000)]
  0x0000024251f93000 JavaThread "Thread-162" [_thread_in_native, id=1056, stack(0x0000006486900000,0x0000006486a00000)]
  0x0000024251f99000 JavaThread "Thread-161" [_thread_in_native, id=7644, stack(0x0000006486700000,0x0000006486800000)]
  0x0000024251f97000 JavaThread "hw_ila_monitor" [_thread_blocked, id=13976, stack(0x0000006487e00000,0x0000006488300000)]
  0x0000024220806800 JavaThread "Refresh Filesets Swing Worker" [_thread_blocked, id=2852, stack(0x0000006487900000,0x0000006487e00000)]
  0x0000024220801000 JavaThread "SyntheticaAnimation 70" daemon [_thread_blocked, id=5876, stack(0x0000006485d00000,0x0000006486200000)]
  0x0000024220802800 JavaThread "SyntheticaAnimation 25" daemon [_thread_blocked, id=8928, stack(0x0000006487400000,0x0000006487900000)]
  0x0000024220802000 JavaThread "SyntheticaAnimation 50" daemon [_thread_blocked, id=8604, stack(0x0000006486f00000,0x0000006487400000)]
  0x0000024220804000 JavaThread "Monitor HEventQueue" [_thread_blocked, id=2156, stack(0x0000006486a00000,0x0000006486f00000)]
  0x0000024220805800 JavaThread "SyntheticaCleanerThread" daemon [_thread_blocked, id=6720, stack(0x0000006486200000,0x0000006486700000)]
  0x0000024220807000 JavaThread "Batik CleanerThread" daemon [_thread_blocked, id=6356, stack(0x0000006484e00000,0x0000006485300000)]
=>0x00000242439a9800 JavaThread "AWT-EventQueue-1" [_thread_in_native, id=6324, stack(0x0000006485800000,0x0000006485d00000)]
  0x0000024243c20000 JavaThread "Process Messages" [_thread_blocked, id=6280, stack(0x0000006485300000,0x0000006485800000)]
  0x0000024243803800 JavaThread "Thread-1" [_thread_in_native, id=14700, stack(0x00000064fe100000,0x00000064ff500000)]
  0x0000024243746800 JavaThread "TimerQueue" daemon [_thread_blocked, id=5384, stack(0x0000006484400000,0x0000006484900000)]
  0x00000242430a9800 JavaThread "AWT-Windows" daemon [_thread_in_native, id=2744, stack(0x0000006483f00000,0x0000006484400000)]
  0x0000024243225000 JavaThread "AWT-Shutdown" [_thread_blocked, id=5632, stack(0x0000006483a00000,0x0000006483f00000)]
  0x0000024243224000 JavaThread "Java2D Disposer" daemon [_thread_blocked, id=5508, stack(0x0000006483500000,0x0000006483a00000)]
  0x000002422533e800 JavaThread "Service Thread" daemon [_thread_blocked, id=4988, stack(0x0000006482f00000,0x0000006483400000)]
  0x0000024220822800 JavaThread "Common-Cleaner" daemon [_thread_blocked, id=15224, stack(0x0000006482a00000,0x0000006482f00000)]
  0x0000024220803800 JavaThread "Sweeper thread" daemon [_thread_blocked, id=4872, stack(0x0000006482500000,0x0000006482a00000)]
  0x000002421ab5a000 JavaThread "C1 CompilerThread3" daemon [_thread_blocked, id=4704, stack(0x0000006482400000,0x0000006482500000)]
  0x000002421ab58000 JavaThread "C2 CompilerThread2" daemon [_thread_blocked, id=4656, stack(0x0000006482300000,0x0000006482400000)]
  0x000002421ab56000 JavaThread "C2 CompilerThread1" daemon [_thread_blocked, id=4556, stack(0x0000006482200000,0x0000006482300000)]
  0x000002421ab70800 JavaThread "C2 CompilerThread0" daemon [_thread_blocked, id=4540, stack(0x0000006482100000,0x0000006482200000)]
  0x000002421ab6d800 JavaThread "Attach Listener" daemon [_thread_blocked, id=3936, stack(0x0000006481c00000,0x0000006482100000)]
  0x000002421ab6d000 JavaThread "Signal Dispatcher" daemon [_thread_blocked, id=15288, stack(0x0000006481700000,0x0000006481c00000)]
  0x00000242205bb000 JavaThread "Finalizer" daemon [_thread_blocked, id=4304, stack(0x0000006481200000,0x0000006481700000)]
  0x00000242205b9800 JavaThread "Reference Handler" daemon [_thread_blocked, id=15284, stack(0x0000006480d00000,0x0000006481200000)]
  0x000002421f8c5800 JavaThread "main" [_thread_blocked, id=3552, stack(0x00000064fe000000,0x00000064fe100000)]

Other Threads:
  0x00000242205d1000 VMThread "VM Thread" [stack: 0x0000006480c00000,0x0000006480d00000] [id=4276]
  0x000002421aba9000 WatcherThread [stack: 0x0000006483400000,0x0000006483500000] [id=5432]
  0x0000024221008800 GCTaskThread "GC Thread#0" [stack: 0x00000064ff800000,0x00000064ff900000] [id=3576]
  0x00000242248c0800 GCTaskThread "GC Thread#1" [stack: 0x00000064ff900000,0x00000064ffa00000] [id=3748]
  0x00000242248c3000 GCTaskThread "GC Thread#2" [stack: 0x00000064ffa00000,0x00000064ffb00000] [id=3752]
  0x00000242248c1000 GCTaskThread "GC Thread#3" [stack: 0x00000064ffb00000,0x00000064ffc00000] [id=3740]
  0x00000242248c4000 GCTaskThread "GC Thread#4" [stack: 0x00000064ffc00000,0x00000064ffd00000] [id=4016]
  0x00000242248bf800 GCTaskThread "GC Thread#5" [stack: 0x00000064ffd00000,0x00000064ffe00000] [id=4056]
  0x00000242248c4800 GCTaskThread "GC Thread#6" [stack: 0x00000064ffe00000,0x00000064fff00000] [id=4060]
  0x00000242248c5000 GCTaskThread "GC Thread#7" [stack: 0x00000064fff00000,0x0000006500000000] [id=15244]
  0x000002421d775000 ConcurrentGCThread "G1 Main Marker" [stack: 0x0000006480900000,0x0000006480a00000] [id=15228]
  0x00000242248be000 ConcurrentGCThread "G1 Marker#0" [stack: 0x0000006480a00000,0x0000006480b00000] [id=2676]
  0x00000242248be800 ConcurrentGCThread "G1 Marker#1" [stack: 0x0000006480b00000,0x0000006480c00000] [id=15188]
  0x0000024220b24800 ConcurrentGCThread "G1 Refine#0" [stack: 0x0000006480700000,0x0000006480800000] [id=15268]
  0x000002421ef1f800 ConcurrentGCThread "G1 Refine#1" [stack: 0x0000006480600000,0x0000006480700000] [id=15256]
  0x000002421ef1e800 ConcurrentGCThread "G1 Refine#2" [stack: 0x0000006480500000,0x0000006480600000] [id=15248]
  0x0000024224f16800 ConcurrentGCThread "G1 Refine#3" [stack: 0x0000006480400000,0x0000006480500000] [id=15232]
  0x0000024224f15800 ConcurrentGCThread "G1 Refine#4" [stack: 0x0000006480300000,0x0000006480400000] [id=15236]
  0x000002422060f000 ConcurrentGCThread "G1 Refine#5" [stack: 0x0000006480200000,0x0000006480300000] [id=15240]
  0x000002421d958800 ConcurrentGCThread "G1 Refine#6" [stack: 0x0000006480100000,0x0000006480200000] [id=15280]
  0x00000242249c3800 ConcurrentGCThread "G1 Refine#7" [stack: 0x0000006480000000,0x0000006480100000] [id=15252]
  0x0000024220b27800 ConcurrentGCThread "G1 Young RemSet Sampling" [stack: 0x0000006480800000,0x0000006480900000] [id=15264]

Threads with active compile tasks:

VM state:not at safepoint (normal execution)

VM Mutex/Monitor currently owned by a thread: None

Heap address: 0x0000000700000000, size: 3072 MB, Compressed Oops mode: Zero based, Oop shift amount: 3
Narrow klass base: 0x0000000000000000, Narrow klass shift: 3
Compressed class space size: 1073741824 Address: 0x00000007c0000000

Heap:
 garbage-first heap   total 274432K, used 101648K [0x0000000700000000, 0x0000000700100860, 0x00000007c0000000)
  region size 1024K, 4 young (4096K), 0 survivors (0K)
 Metaspace       used 91247K, capacity 94365K, committed 97840K, reserved 1134592K
  class space    used 12063K, capacity 12661K, committed 13360K, reserved 1048576K
Heap Regions: E=young(eden), S=young(survivor), O=old, HS=humongous(starts), HC=humongous(continues), CS=collection set, F=free, A=archive, TS=gc time stamp, AC=allocation context, TAMS=top-at-mark-start (previous, next)
|   0|0x0000000700000000, 0x00000007000dcf98, 0x0000000700100000| 86%| O|  |TS  0|AC  0|TAMS 0x0000000700000000, 0x0000000700000000|
|   1|0x0000000700100000, 0x0000000700200000, 0x0000000700200000|100%|HS|  |TS  0|AC  0|TAMS 0x0000000700100000, 0x0000000700100000|
|   2|0x0000000700200000, 0x0000000700300000, 0x0000000700300000|100%|HC|  |TS  0|AC  0|TAMS 0x0000000700200000, 0x0000000700200000|
|   3|0x0000000700300000, 0x0000000700400000, 0x0000000700400000|100%|HS|  |TS  0|AC  0|TAMS 0x0000000700300000, 0x0000000700300000|
|   4|0x0000000700400000, 0x00000007004fd608, 0x0000000700500000| 98%| O|  |TS  0|AC  0|TAMS 0x0000000700400000, 0x0000000700400000|
|   5|0x0000000700500000, 0x00000007005fe580, 0x0000000700600000| 99%| O|  |TS  0|AC  0|TAMS 0x0000000700500000, 0x0000000700500000|
|   6|0x0000000700600000, 0x0000000700700000, 0x0000000700700000|100%| O|  |TS  0|AC  0|TAMS 0x0000000700600000, 0x0000000700600000|
|   7|0x0000000700700000, 0x00000007007fffe0, 0x0000000700800000| 99%| O|  |TS  0|AC  0|TAMS 0x0000000700700000, 0x0000000700700000|
|   8|0x0000000700800000, 0x0000000700900000, 0x0000000700900000|100%| O|  |TS  0|AC  0|TAMS 0x0000000700800000, 0x0000000700800000|
|   9|0x0000000700900000, 0x00000007009fffe0, 0x0000000700a00000| 99%| O|  |TS  0|AC  0|TAMS 0x0000000700900000, 0x0000000700900000|
|  10|0x0000000700a00000, 0x0000000700af7a70, 0x0000000700b00000| 96%| O|  |TS  0|AC  0|TAMS 0x0000000700a00000, 0x0000000700a00000|
|  11|0x0000000700b00000, 0x0000000700bee5d8, 0x0000000700c00000| 93%| O|  |TS  0|AC  0|TAMS 0x0000000700b00000, 0x0000000700b00000|
|  12|0x0000000700c00000, 0x0000000700cfe750, 0x0000000700d00000| 99%| O|  |TS  0|AC  0|TAMS 0x0000000700c00000, 0x0000000700c00000|
|  13|0x0000000700d00000, 0x0000000700df8118, 0x0000000700e00000| 96%| O|  |TS  0|AC  0|TAMS 0x0000000700d00000, 0x0000000700d00000|
|  14|0x0000000700e00000, 0x0000000700effef0, 0x0000000700f00000| 99%| O|  |TS  0|AC  0|TAMS 0x0000000700e00000, 0x0000000700e00000|
|  15|0x0000000700f00000, 0x0000000700fffff8, 0x0000000701000000| 99%| O|  |TS  0|AC  0|TAMS 0x0000000700f00000, 0x0000000700f00000|
|  16|0x0000000701000000, 0x00000007010ffff0, 0x0000000701100000| 99%| O|  |TS  0|AC  0|TAMS 0x0000000701000000, 0x0000000701000000|
|  17|0x0000000701100000, 0x0000000701200000, 0x0000000701200000|100%| O|  |TS  0|AC  0|TAMS 0x0000000701100000, 0x0000000701100000|
|  18|0x0000000701200000, 0x0000000701300000, 0x0000000701300000|100%| O|  |TS  0|AC  0|TAMS 0x0000000701200000, 0x0000000701200000|
|  19|0x0000000701300000, 0x00000007013ffff0, 0x0000000701400000| 99%| O|  |TS  0|AC  0|TAMS 0x0000000701300000, 0x0000000701300000|
|  20|0x0000000701400000, 0x0000000701500000, 0x0000000701500000|100%|HS|  |TS  0|AC  0|TAMS 0x0000000701400000, 0x0000000701400000|
|  21|0x0000000701500000, 0x0000000701600000, 0x0000000701600000|100%|HC|  |TS  0|AC  0|TAMS 0x0000000701500000, 0x0000000701500000|
|  22|0x0000000701600000, 0x0000000701700000, 0x0000000701700000|100%| O|  |TS  0|AC  0|TAMS 0x0000000701600000, 0x0000000701600000|
|  23|0x0000000701700000, 0x0000000701800000, 0x0000000701800000|100%| O|  |TS  0|AC  0|TAMS 0x0000000701700000, 0x0000000701700000|
|  24|0x0000000701800000, 0x00000007018ffff8, 0x0000000701900000| 99%| O|  |TS  0|AC  0|TAMS 0x0000000701800000, 0x0000000701800000|
|  25|0x0000000701900000, 0x0000000701a00000, 0x0000000701a00000|100%| O|  |TS  0|AC  0|TAMS 0x0000000701900000, 0x0000000701900000|
|  26|0x0000000701a00000, 0x0000000701b00000, 0x0000000701b00000|100%| O|  |TS  0|AC  0|TAMS 0x0000000701a00000, 0x0000000701a00000|
|  27|0x0000000701b00000, 0x0000000701bffff0, 0x0000000701c00000| 99%| O|  |TS  0|AC  0|TAMS 0x0000000701b00000, 0x0000000701b00000|
|  28|0x0000000701c00000, 0x0000000701cfffe8, 0x0000000701d00000| 99%| O|  |TS  0|AC  0|TAMS 0x0000000701c00000, 0x0000000701c00000|
|  29|0x0000000701d00000, 0x0000000701dffef0, 0x0000000701e00000| 99%| O|  |TS  0|AC  0|TAMS 0x0000000701d00000, 0x0000000701d00000|
|  30|0x0000000701e00000, 0x0000000701efffe8, 0x0000000701f00000| 99%| O|  |TS  0|AC  0|TAMS 0x0000000701e00000, 0x0000000701e00000|
|  31|0x0000000701f00000, 0x0000000701fffff0, 0x0000000702000000| 99%| O|  |TS  0|AC  0|TAMS 0x0000000701f00000, 0x0000000701f00000|
|  32|0x0000000702000000, 0x00000007020ffff8, 0x0000000702100000| 99%| O|  |TS  0|AC  0|TAMS 0x0000000702000000, 0x0000000702000000|
|  33|0x0000000702100000, 0x00000007021ffff8, 0x0000000702200000| 99%| O|  |TS  0|AC  0|TAMS 0x0000000702100000, 0x0000000702100000|
|  34|0x0000000702200000, 0x00000007022fff60, 0x0000000702300000| 99%| O|  |TS  0|AC  0|TAMS 0x0000000702200000, 0x0000000702200000|
|  35|0x0000000702300000, 0x00000007023fff98, 0x0000000702400000| 99%| O|  |TS  0|AC  0|TAMS 0x0000000702300000, 0x0000000702300000|
|  36|0x0000000702400000, 0x0000000702500000, 0x0000000702500000|100%| O|  |TS  0|AC  0|TAMS 0x0000000702400000, 0x0000000702400000|
|  37|0x0000000702500000, 0x00000007025fc548, 0x0000000702600000| 98%| O|  |TS  0|AC  0|TAMS 0x0000000702500000, 0x0000000702500000|
|  38|0x0000000702600000, 0x00000007026ff908, 0x0000000702700000| 99%| O|  |TS  0|AC  0|TAMS 0x0000000702600000, 0x0000000702600000|
|  39|0x0000000702700000, 0x00000007027fffe8, 0x0000000702800000| 99%| O|  |TS  0|AC  0|TAMS 0x0000000702700000, 0x0000000702700000|
|  40|0x0000000702800000, 0x00000007028ffff0, 0x0000000702900000| 99%| O|  |TS  0|AC  0|TAMS 0x0000000702800000, 0x0000000702800000|
|  41|0x0000000702900000, 0x00000007029ffff0, 0x0000000702a00000| 99%| O|  |TS  0|AC  0|TAMS 0x0000000702900000, 0x0000000702900000|
|  42|0x0000000702a00000, 0x0000000702affff0, 0x0000000702b00000| 99%| O|  |TS  0|AC  0|TAMS 0x0000000702a00000, 0x0000000702a00000|
|  43|0x0000000702b00000, 0x0000000702c00000, 0x0000000702c00000|100%| O|  |TS  0|AC  0|TAMS 0x0000000702b00000, 0x0000000702b00000|
|  44|0x0000000702c00000, 0x0000000702cffff8, 0x0000000702d00000| 99%| O|  |TS  0|AC  0|TAMS 0x0000000702c00000, 0x0000000702c00000|
|  45|0x0000000702d00000, 0x0000000702dffff8, 0x0000000702e00000| 99%| O|  |TS  0|AC  0|TAMS 0x0000000702d00000, 0x0000000702d00000|
|  46|0x0000000702e00000, 0x0000000702f00000, 0x0000000702f00000|100%| O|  |TS  0|AC  0|TAMS 0x0000000702e00000, 0x0000000702e00000|
|  47|0x0000000702f00000, 0x0000000702ffffe8, 0x0000000703000000| 99%| O|  |TS  0|AC  0|TAMS 0x0000000702f00000, 0x0000000702f00000|
|  48|0x0000000703000000, 0x00000007030ffff0, 0x0000000703100000| 99%| O|  |TS  0|AC  0|TAMS 0x0000000703000000, 0x0000000703000000|
|  49|0x0000000703100000, 0x0000000703200000, 0x0000000703200000|100%|HS|  |TS  0|AC  0|TAMS 0x0000000703100000, 0x0000000703100000|
|  50|0x0000000703200000, 0x0000000703300000, 0x0000000703300000|100%|HC|  |TS  0|AC  0|TAMS 0x0000000703200000, 0x0000000703200000|
|  51|0x0000000703300000, 0x0000000703400000, 0x0000000703400000|100%|HC|  |TS  0|AC  0|TAMS 0x0000000703300000, 0x0000000703300000|
|  52|0x0000000703400000, 0x0000000703500000, 0x0000000703500000|100%|HC|  |TS  0|AC  0|TAMS 0x0000000703400000, 0x0000000703400000|
|  53|0x0000000703500000, 0x0000000703600000, 0x0000000703600000|100%|HC|  |TS  0|AC  0|TAMS 0x0000000703500000, 0x0000000703500000|
|  54|0x0000000703600000, 0x0000000703700000, 0x0000000703700000|100%|HC|  |TS  0|AC  0|TAMS 0x0000000703600000, 0x0000000703600000|
|  55|0x0000000703700000, 0x0000000703800000, 0x0000000703800000|100%|HC|  |TS  0|AC  0|TAMS 0x0000000703700000, 0x0000000703700000|
|  56|0x0000000703800000, 0x0000000703900000, 0x0000000703900000|100%|HC|  |TS  0|AC  0|TAMS 0x0000000703800000, 0x0000000703800000|
|  57|0x0000000703900000, 0x0000000703a00000, 0x0000000703a00000|100%|HC|  |TS  0|AC  0|TAMS 0x0000000703900000, 0x0000000703900000|
|  58|0x0000000703a00000, 0x0000000703b00000, 0x0000000703b00000|100%|HC|  |TS  0|AC  0|TAMS 0x0000000703a00000, 0x0000000703a00000|
|  59|0x0000000703b00000, 0x0000000703c00000, 0x0000000703c00000|100%|HC|  |TS  0|AC  0|TAMS 0x0000000703b00000, 0x0000000703b00000|
|  60|0x0000000703c00000, 0x0000000703d00000, 0x0000000703d00000|100%|HC|  |TS  0|AC  0|TAMS 0x0000000703c00000, 0x0000000703c00000|
|  61|0x0000000703d00000, 0x0000000703dffd30, 0x0000000703e00000| 99%| O|  |TS  0|AC  0|TAMS 0x0000000703d00000, 0x0000000703d00000|
|  62|0x0000000703e00000, 0x0000000703f00000, 0x0000000703f00000|100%| O|  |TS  0|AC  0|TAMS 0x0000000703e00000, 0x0000000703e00000|
|  63|0x0000000703f00000, 0x0000000703fffff0, 0x0000000704000000| 99%| O|  |TS  0|AC  0|TAMS 0x0000000703f00000, 0x0000000703f00000|
|  64|0x0000000704000000, 0x00000007040fff00, 0x0000000704100000| 99%| O|  |TS  0|AC  0|TAMS 0x0000000704000000, 0x0000000704000000|
|  65|0x0000000704100000, 0x0000000704200000, 0x0000000704200000|100%|HS|  |TS  0|AC  0|TAMS 0x0000000704100000, 0x0000000704100000|
|  66|0x0000000704200000, 0x00000007042fffe0, 0x0000000704300000| 99%| O|  |TS  0|AC  0|TAMS 0x0000000704200000, 0x0000000704200000|
|  67|0x0000000704300000, 0x00000007043fffe0, 0x0000000704400000| 99%| O|  |TS  0|AC  0|TAMS 0x0000000704300000, 0x0000000704300000|
|  68|0x0000000704400000, 0x0000000704500000, 0x0000000704500000|100%|HS|  |TS  0|AC  0|TAMS 0x0000000704400000, 0x0000000704400000|
|  69|0x0000000704500000, 0x00000007045ffef8, 0x0000000704600000| 99%| O|  |TS  0|AC  0|TAMS 0x0000000704500000, 0x0000000704500000|
|  70|0x0000000704600000, 0x00000007046ed0f0, 0x0000000704700000| 92%| O|  |TS  0|AC  0|TAMS 0x0000000704600000, 0x0000000704600000|
|  71|0x0000000704700000, 0x00000007047ffff0, 0x0000000704800000| 99%| O|  |TS  0|AC  0|TAMS 0x0000000704700000, 0x0000000704700000|
|  72|0x0000000704800000, 0x00000007048ffff0, 0x0000000704900000| 99%| O|  |TS  0|AC  0|TAMS 0x0000000704800000, 0x0000000704800000|
|  73|0x0000000704900000, 0x00000007049fc228, 0x0000000704a00000| 98%| O|  |TS  0|AC  0|TAMS 0x0000000704900000, 0x0000000704900000|
|  74|0x0000000704a00000, 0x0000000704b00000, 0x0000000704b00000|100%| O|  |TS  0|AC  0|TAMS 0x0000000704a00000, 0x0000000704a00000|
|  75|0x0000000704b00000, 0x0000000704c00000, 0x0000000704c00000|100%|HS|  |TS  0|AC  0|TAMS 0x0000000704b00000, 0x0000000704b00000|
|  76|0x0000000704c00000, 0x0000000704cfff60, 0x0000000704d00000| 99%| O|  |TS  0|AC  0|TAMS 0x0000000704c00000, 0x0000000704c00000|
|  77|0x0000000704d00000, 0x0000000704dffff8, 0x0000000704e00000| 99%| O|  |TS  0|AC  0|TAMS 0x0000000704d00000, 0x0000000704d00000|
|  78|0x0000000704e00000, 0x0000000704effe20, 0x0000000704f00000| 99%| O|  |TS  0|AC  0|TAMS 0x0000000704e00000, 0x0000000704e00000|
|  79|0x0000000704f00000, 0x0000000704fffff0, 0x0000000705000000| 99%| O|  |TS  0|AC  0|TAMS 0x0000000704f00000, 0x0000000704f00000|
|  80|0x0000000705000000, 0x00000007050ffec8, 0x0000000705100000| 99%| O|  |TS  0|AC  0|TAMS 0x0000000705000000, 0x0000000705000000|
|  81|0x0000000705100000, 0x00000007051fff58, 0x0000000705200000| 99%| O|  |TS  0|AC  0|TAMS 0x0000000705100000, 0x0000000705100000|
|  82|0x0000000705200000, 0x00000007052ffff8, 0x0000000705300000| 99%| O|  |TS  0|AC  0|TAMS 0x0000000705200000, 0x0000000705200000|
|  83|0x0000000705300000, 0x00000007053fffd0, 0x0000000705400000| 99%| O|  |TS  0|AC  0|TAMS 0x0000000705300000, 0x0000000705300000|
|  84|0x0000000705400000, 0x00000007054fd230, 0x0000000705500000| 98%| O|  |TS  0|AC  0|TAMS 0x0000000705400000, 0x0000000705400000|
|  85|0x0000000705500000, 0x000000070559b9d0, 0x0000000705600000| 60%| O|  |TS  0|AC  0|TAMS 0x0000000705500000, 0x0000000705500000|
|  86|0x0000000705600000, 0x00000007056ffff8, 0x0000000705700000| 99%| O|  |TS  0|AC  0|TAMS 0x0000000705600000, 0x0000000705600000|
|  87|0x0000000705700000, 0x0000000705800000, 0x0000000705800000|100%|HS|  |TS  0|AC  0|TAMS 0x0000000705700000, 0x0000000705700000|
|  88|0x0000000705800000, 0x0000000705900000, 0x0000000705900000|100%|HC|  |TS  0|AC  0|TAMS 0x0000000705800000, 0x0000000705800000|
|  89|0x0000000705900000, 0x0000000705a00000, 0x0000000705a00000|100%|HS|  |TS  0|AC  0|TAMS 0x0000000705900000, 0x0000000705900000|
|  90|0x0000000705a00000, 0x0000000705b00000, 0x0000000705b00000|100%|HC|  |TS  0|AC  0|TAMS 0x0000000705a00000, 0x0000000705a00000|
|  91|0x0000000705b00000, 0x0000000705bfffe8, 0x0000000705c00000| 99%| O|  |TS  0|AC  0|TAMS 0x0000000705b00000, 0x0000000705b00000|
|  92|0x0000000705c00000, 0x0000000705c11ef8, 0x0000000705d00000|  7%| O|  |TS  0|AC  0|TAMS 0x0000000705c00000, 0x0000000705c00000|
|  93|0x0000000705d00000, 0x0000000705d00000, 0x0000000705e00000|  0%| F|  |TS  0|AC  0|TAMS 0x0000000705d00000, 0x0000000705d00000|
|  94|0x0000000705e00000, 0x0000000705e00000, 0x0000000705f00000|  0%| F|  |TS  0|AC  0|TAMS 0x0000000705e00000, 0x0000000705e00000|
|  95|0x0000000705f00000, 0x0000000705f00000, 0x0000000706000000|  0%| F|  |TS  0|AC  0|TAMS 0x0000000705f00000, 0x0000000705f00000|
|  96|0x0000000706000000, 0x0000000706000000, 0x0000000706100000|  0%| F|  |TS  0|AC  0|TAMS 0x0000000706000000, 0x0000000706000000|
|  97|0x0000000706100000, 0x0000000706100000, 0x0000000706200000|  0%| F|  |TS  0|AC  0|TAMS 0x0000000706100000, 0x0000000706100000|
|  98|0x0000000706200000, 0x0000000706200000, 0x0000000706300000|  0%| F|  |TS  0|AC  0|TAMS 0x0000000706200000, 0x0000000706200000|
|  99|0x0000000706300000, 0x0000000706300000, 0x0000000706400000|  0%| F|  |TS  0|AC  0|TAMS 0x0000000706300000, 0x0000000706300000|
| 100|0x0000000706400000, 0x0000000706400000, 0x0000000706500000|  0%| F|  |TS  0|AC  0|TAMS 0x0000000706400000, 0x0000000706400000|
| 101|0x0000000706500000, 0x0000000706500000, 0x0000000706600000|  0%| F|  |TS  0|AC  0|TAMS 0x0000000706500000, 0x0000000706500000|
| 102|0x0000000706600000, 0x0000000706600000, 0x0000000706700000|  0%| F|  |TS  0|AC  0|TAMS 0x0000000706600000, 0x0000000706600000|
| 103|0x0000000706700000, 0x0000000706700000, 0x0000000706800000|  0%| F|  |TS  0|AC  0|TAMS 0x0000000706700000, 0x0000000706700000|
| 104|0x0000000706800000, 0x0000000706800000, 0x0000000706900000|  0%| F|  |TS  0|AC  0|TAMS 0x0000000706800000, 0x0000000706800000|
| 105|0x0000000706900000, 0x0000000706900000, 0x0000000706a00000|  0%| F|  |TS  0|AC  0|TAMS 0x0000000706900000, 0x0000000706900000|
| 106|0x0000000706a00000, 0x0000000706a00000, 0x0000000706b00000|  0%| F|  |TS  0|AC  0|TAMS 0x0000000706a00000, 0x0000000706a00000|
| 107|0x0000000706b00000, 0x0000000706b00000, 0x0000000706c00000|  0%| F|  |TS  0|AC  0|TAMS 0x0000000706b00000, 0x0000000706b00000|
| 108|0x0000000706c00000, 0x0000000706c00000, 0x0000000706d00000|  0%| F|  |TS  0|AC  0|TAMS 0x0000000706c00000, 0x0000000706c00000|
| 109|0x0000000706d00000, 0x0000000706d00000, 0x0000000706e00000|  0%| F|  |TS  0|AC  0|TAMS 0x0000000706d00000, 0x0000000706d00000|
| 110|0x0000000706e00000, 0x0000000706e00000, 0x0000000706f00000|  0%| F|  |TS  0|AC  0|TAMS 0x0000000706e00000, 0x0000000706e00000|
| 111|0x0000000706f00000, 0x0000000706f00000, 0x0000000707000000|  0%| F|  |TS  0|AC  0|TAMS 0x0000000706f00000, 0x0000000706f00000|
| 112|0x0000000707000000, 0x0000000707100000, 0x0000000707100000|100%|HS|  |TS  0|AC  0|TAMS 0x0000000707000000, 0x0000000707000000|
| 113|0x0000000707100000, 0x0000000707200000, 0x0000000707200000|100%|HC|  |TS  0|AC  0|TAMS 0x0000000707100000, 0x0000000707100000|
| 114|0x0000000707200000, 0x0000000707300000, 0x0000000707300000|100%|HC|  |TS  0|AC  0|TAMS 0x0000000707200000, 0x0000000707200000|
| 115|0x0000000707300000, 0x0000000707400000, 0x0000000707400000|100%|HC|  |TS  0|AC  0|TAMS 0x0000000707300000, 0x0000000707300000|
| 116|0x0000000707400000, 0x0000000707500000, 0x0000000707500000|100%|HC|  |TS  0|AC  0|TAMS 0x0000000707400000, 0x0000000707400000|
| 117|0x0000000707500000, 0x0000000707500000, 0x0000000707600000|  0%| F|  |TS  0|AC  0|TAMS 0x0000000707500000, 0x0000000707500000|
| 118|0x0000000707600000, 0x0000000707600000, 0x0000000707700000|  0%| F|  |TS  0|AC  0|TAMS 0x0000000707600000, 0x0000000707600000|
| 119|0x0000000707700000, 0x0000000707700000, 0x0000000707800000|  0%| F|  |TS  0|AC  0|TAMS 0x0000000707700000, 0x0000000707700000|
| 120|0x0000000707800000, 0x0000000707800000, 0x0000000707900000|  0%| F|  |TS  0|AC  0|TAMS 0x0000000707800000, 0x0000000707800000|
| 121|0x0000000707900000, 0x0000000707900000, 0x0000000707a00000|  0%| F|  |TS  0|AC  0|TAMS 0x0000000707900000, 0x0000000707900000|
| 122|0x0000000707a00000, 0x0000000707a00000, 0x0000000707b00000|  0%| F|  |TS  0|AC  0|TAMS 0x0000000707a00000, 0x0000000707a00000|
| 123|0x0000000707b00000, 0x0000000707b00000, 0x0000000707c00000|  0%| F|  |TS  0|AC  0|TAMS 0x0000000707b00000, 0x0000000707b00000|
| 124|0x0000000707c00000, 0x0000000707c00000, 0x0000000707d00000|  0%| F|  |TS  0|AC  0|TAMS 0x0000000707c00000, 0x0000000707c00000|
| 125|0x0000000707d00000, 0x0000000707d00000, 0x0000000707e00000|  0%| F|  |TS  0|AC  0|TAMS 0x0000000707d00000, 0x0000000707d00000|
| 126|0x0000000707e00000, 0x0000000707e00000, 0x0000000707f00000|  0%| F|  |TS  0|AC  0|TAMS 0x0000000707e00000, 0x0000000707e00000|
| 127|0x0000000707f00000, 0x0000000707f00000, 0x0000000708000000|  0%| F|  |TS  0|AC  0|TAMS 0x0000000707f00000, 0x0000000707f00000|
| 128|0x0000000708000000, 0x0000000708000000, 0x0000000708100000|  0%| F|  |TS  0|AC  0|TAMS 0x0000000708000000, 0x0000000708000000|
| 129|0x0000000708100000, 0x0000000708100000, 0x0000000708200000|  0%| F|  |TS  0|AC  0|TAMS 0x0000000708100000, 0x0000000708100000|
| 130|0x0000000708200000, 0x0000000708200000, 0x0000000708300000|  0%| F|  |TS  0|AC  0|TAMS 0x0000000708200000, 0x0000000708200000|
| 131|0x0000000708300000, 0x0000000708300000, 0x0000000708400000|  0%| F|  |TS  0|AC  0|TAMS 0x0000000708300000, 0x0000000708300000|
| 132|0x0000000708400000, 0x0000000708400000, 0x0000000708500000|  0%| F|  |TS  0|AC  0|TAMS 0x0000000708400000, 0x0000000708400000|
| 133|0x0000000708500000, 0x0000000708500000, 0x0000000708600000|  0%| F|  |TS  0|AC  0|TAMS 0x0000000708500000, 0x0000000708500000|
| 134|0x0000000708600000, 0x0000000708600000, 0x0000000708700000|  0%| F|  |TS  0|AC  0|TAMS 0x0000000708600000, 0x0000000708600000|
| 135|0x0000000708700000, 0x0000000708700000, 0x0000000708800000|  0%| F|  |TS  0|AC  0|TAMS 0x0000000708700000, 0x0000000708700000|
| 136|0x0000000708800000, 0x0000000708800000, 0x0000000708900000|  0%| F|  |TS  0|AC  0|TAMS 0x0000000708800000, 0x0000000708800000|
| 137|0x0000000708900000, 0x0000000708900000, 0x0000000708a00000|  0%| F|  |TS  0|AC  0|TAMS 0x0000000708900000, 0x0000000708900000|
| 138|0x0000000708a00000, 0x0000000708a00000, 0x0000000708b00000|  0%| F|  |TS  0|AC  0|TAMS 0x0000000708a00000, 0x0000000708a00000|
| 139|0x0000000708b00000, 0x0000000708b00000, 0x0000000708c00000|  0%| F|  |TS  0|AC  0|TAMS 0x0000000708b00000, 0x0000000708b00000|
| 140|0x0000000708c00000, 0x0000000708c00000, 0x0000000708d00000|  0%| F|  |TS  0|AC  0|TAMS 0x0000000708c00000, 0x0000000708c00000|
| 141|0x0000000708d00000, 0x0000000708d00000, 0x0000000708e00000|  0%| F|  |TS  0|AC  0|TAMS 0x0000000708d00000, 0x0000000708d00000|
| 142|0x0000000708e00000, 0x0000000708e00000, 0x0000000708f00000|  0%| F|  |TS  0|AC  0|TAMS 0x0000000708e00000, 0x0000000708e00000|
| 143|0x0000000708f00000, 0x0000000708f00000, 0x0000000709000000|  0%| F|  |TS  0|AC  0|TAMS 0x0000000708f00000, 0x0000000708f00000|
| 144|0x0000000709000000, 0x0000000709000000, 0x0000000709100000|  0%| F|  |TS  0|AC  0|TAMS 0x0000000709000000, 0x0000000709000000|
| 145|0x0000000709100000, 0x0000000709100000, 0x0000000709200000|  0%| F|  |TS  0|AC  0|TAMS 0x0000000709100000, 0x0000000709100000|
| 146|0x0000000709200000, 0x0000000709200000, 0x0000000709300000|  0%| F|  |TS  0|AC  0|TAMS 0x0000000709200000, 0x0000000709200000|
| 147|0x0000000709300000, 0x0000000709300000, 0x0000000709400000|  0%| F|  |TS  0|AC  0|TAMS 0x0000000709300000, 0x0000000709300000|
| 148|0x0000000709400000, 0x0000000709400000, 0x0000000709500000|  0%| F|  |TS  0|AC  0|TAMS 0x0000000709400000, 0x0000000709400000|
| 149|0x0000000709500000, 0x0000000709500000, 0x0000000709600000|  0%| F|  |TS  0|AC  0|TAMS 0x0000000709500000, 0x0000000709500000|
| 150|0x0000000709600000, 0x0000000709600000, 0x0000000709700000|  0%| F|  |TS  0|AC  0|TAMS 0x0000000709600000, 0x0000000709600000|
| 151|0x0000000709700000, 0x0000000709700000, 0x0000000709800000|  0%| F|  |TS  0|AC  0|TAMS 0x0000000709700000, 0x0000000709700000|
| 152|0x0000000709800000, 0x0000000709800000, 0x0000000709900000|  0%| F|  |TS  0|AC  0|TAMS 0x0000000709800000, 0x0000000709800000|
| 153|0x0000000709900000, 0x0000000709900000, 0x0000000709a00000|  0%| F|  |TS  0|AC  0|TAMS 0x0000000709900000, 0x0000000709900000|
| 154|0x0000000709a00000, 0x0000000709a00000, 0x0000000709b00000|  0%| F|  |TS  0|AC  0|TAMS 0x0000000709a00000, 0x0000000709a00000|
| 155|0x0000000709b00000, 0x0000000709b00000, 0x0000000709c00000|  0%| F|  |TS  0|AC  0|TAMS 0x0000000709b00000, 0x0000000709b00000|
| 156|0x0000000709c00000, 0x0000000709c00000, 0x0000000709d00000|  0%| F|  |TS  0|AC  0|TAMS 0x0000000709c00000, 0x0000000709c00000|
| 157|0x0000000709d00000, 0x0000000709d00000, 0x0000000709e00000|  0%| F|  |TS  0|AC  0|TAMS 0x0000000709d00000, 0x0000000709d00000|
| 158|0x0000000709e00000, 0x0000000709e00000, 0x0000000709f00000|  0%| F|  |TS  0|AC  0|TAMS 0x0000000709e00000, 0x0000000709e00000|
| 159|0x0000000709f00000, 0x0000000709f00000, 0x000000070a000000|  0%| F|  |TS  0|AC  0|TAMS 0x0000000709f00000, 0x0000000709f00000|
| 160|0x000000070a000000, 0x000000070a000000, 0x000000070a100000|  0%| F|  |TS  0|AC  0|TAMS 0x000000070a000000, 0x000000070a000000|
| 161|0x000000070a100000, 0x000000070a100000, 0x000000070a200000|  0%| F|  |TS  0|AC  0|TAMS 0x000000070a100000, 0x000000070a100000|
| 162|0x000000070a200000, 0x000000070a200000, 0x000000070a300000|  0%| F|  |TS  0|AC  0|TAMS 0x000000070a200000, 0x000000070a200000|
| 163|0x000000070a300000, 0x000000070a300000, 0x000000070a400000|  0%| F|  |TS  0|AC  0|TAMS 0x000000070a300000, 0x000000070a300000|
| 164|0x000000070a400000, 0x000000070a400000, 0x000000070a500000|  0%| F|  |TS  0|AC  0|TAMS 0x000000070a400000, 0x000000070a400000|
| 165|0x000000070a500000, 0x000000070a500000, 0x000000070a600000|  0%| F|  |TS  0|AC  0|TAMS 0x000000070a500000, 0x000000070a500000|
| 166|0x000000070a600000, 0x000000070a600000, 0x000000070a700000|  0%| F|  |TS  0|AC  0|TAMS 0x000000070a600000, 0x000000070a600000|
| 167|0x000000070a700000, 0x000000070a700000, 0x000000070a800000|  0%| F|  |TS  0|AC  0|TAMS 0x000000070a700000, 0x000000070a700000|
| 168|0x000000070a800000, 0x000000070a800000, 0x000000070a900000|  0%| F|  |TS  0|AC  0|TAMS 0x000000070a800000, 0x000000070a800000|
| 169|0x000000070a900000, 0x000000070a900000, 0x000000070aa00000|  0%| F|  |TS  0|AC  0|TAMS 0x000000070a900000, 0x000000070a900000|
| 170|0x000000070aa00000, 0x000000070aa00000, 0x000000070ab00000|  0%| F|  |TS  0|AC  0|TAMS 0x000000070aa00000, 0x000000070aa00000|
| 171|0x000000070ab00000, 0x000000070ab00000, 0x000000070ac00000|  0%| F|  |TS  0|AC  0|TAMS 0x000000070ab00000, 0x000000070ab00000|
| 172|0x000000070ac00000, 0x000000070ac00000, 0x000000070ad00000|  0%| F|  |TS  0|AC  0|TAMS 0x000000070ac00000, 0x000000070ac00000|
| 173|0x000000070ad00000, 0x000000070ad00000, 0x000000070ae00000|  0%| F|  |TS  0|AC  0|TAMS 0x000000070ad00000, 0x000000070ad00000|
| 174|0x000000070ae00000, 0x000000070ae00000, 0x000000070af00000|  0%| F|  |TS  0|AC  0|TAMS 0x000000070ae00000, 0x000000070ae00000|
| 175|0x000000070af00000, 0x000000070af00000, 0x000000070b000000|  0%| F|  |TS  0|AC  0|TAMS 0x000000070af00000, 0x000000070af00000|
| 176|0x000000070b000000, 0x000000070b000000, 0x000000070b100000|  0%| F|  |TS  0|AC  0|TAMS 0x000000070b000000, 0x000000070b000000|
| 177|0x000000070b100000, 0x000000070b100000, 0x000000070b200000|  0%| F|  |TS  0|AC  0|TAMS 0x000000070b100000, 0x000000070b100000|
| 178|0x000000070b200000, 0x000000070b200000, 0x000000070b300000|  0%| F|  |TS  0|AC  0|TAMS 0x000000070b200000, 0x000000070b200000|
| 179|0x000000070b300000, 0x000000070b300000, 0x000000070b400000|  0%| F|  |TS  0|AC  0|TAMS 0x000000070b300000, 0x000000070b300000|
| 180|0x000000070b400000, 0x000000070b400000, 0x000000070b500000|  0%| F|  |TS  0|AC  0|TAMS 0x000000070b400000, 0x000000070b400000|
| 181|0x000000070b500000, 0x000000070b500000, 0x000000070b600000|  0%| F|  |TS  0|AC  0|TAMS 0x000000070b500000, 0x000000070b500000|
| 182|0x000000070b600000, 0x000000070b600000, 0x000000070b700000|  0%| F|  |TS  0|AC  0|TAMS 0x000000070b600000, 0x000000070b600000|
| 183|0x000000070b700000, 0x000000070b700000, 0x000000070b800000|  0%| F|  |TS  0|AC  0|TAMS 0x000000070b700000, 0x000000070b700000|
| 184|0x000000070b800000, 0x000000070b800000, 0x000000070b900000|  0%| F|  |TS  0|AC  0|TAMS 0x000000070b800000, 0x000000070b800000|
| 185|0x000000070b900000, 0x000000070b900000, 0x000000070ba00000|  0%| F|  |TS  0|AC  0|TAMS 0x000000070b900000, 0x000000070b900000|
| 186|0x000000070ba00000, 0x000000070ba00000, 0x000000070bb00000|  0%| F|  |TS  0|AC  0|TAMS 0x000000070ba00000, 0x000000070ba00000|
| 187|0x000000070bb00000, 0x000000070bb00000, 0x000000070bc00000|  0%| F|  |TS  0|AC  0|TAMS 0x000000070bb00000, 0x000000070bb00000|
| 188|0x000000070bc00000, 0x000000070bc00000, 0x000000070bd00000|  0%| F|  |TS  0|AC  0|TAMS 0x000000070bc00000, 0x000000070bc00000|
| 189|0x000000070bd00000, 0x000000070bd00000, 0x000000070be00000|  0%| F|  |TS  0|AC  0|TAMS 0x000000070bd00000, 0x000000070bd00000|
| 190|0x000000070be00000, 0x000000070be00000, 0x000000070bf00000|  0%| F|  |TS  0|AC  0|TAMS 0x000000070be00000, 0x000000070be00000|
| 191|0x000000070bf00000, 0x000000070bf00000, 0x000000070c000000|  0%| F|  |TS  0|AC  0|TAMS 0x000000070bf00000, 0x000000070bf00000|
| 192|0x000000070c000000, 0x000000070c000000, 0x000000070c100000|  0%| F|  |TS  0|AC  0|TAMS 0x000000070c000000, 0x000000070c000000|
| 193|0x000000070c100000, 0x000000070c100000, 0x000000070c200000|  0%| F|  |TS  0|AC  0|TAMS 0x000000070c100000, 0x000000070c100000|
| 194|0x000000070c200000, 0x000000070c200000, 0x000000070c300000|  0%| F|  |TS  0|AC  0|TAMS 0x000000070c200000, 0x000000070c200000|
| 195|0x000000070c300000, 0x000000070c300000, 0x000000070c400000|  0%| F|  |TS  0|AC  0|TAMS 0x000000070c300000, 0x000000070c300000|
| 196|0x000000070c400000, 0x000000070c400000, 0x000000070c500000|  0%| F|  |TS  0|AC  0|TAMS 0x000000070c400000, 0x000000070c400000|
| 197|0x000000070c500000, 0x000000070c500000, 0x000000070c600000|  0%| F|  |TS  0|AC  0|TAMS 0x000000070c500000, 0x000000070c500000|
| 198|0x000000070c600000, 0x000000070c600000, 0x000000070c700000|  0%| F|  |TS  0|AC  0|TAMS 0x000000070c600000, 0x000000070c600000|
| 199|0x000000070c700000, 0x000000070c700000, 0x000000070c800000|  0%| F|  |TS  0|AC  0|TAMS 0x000000070c700000, 0x000000070c700000|
| 200|0x000000070c800000, 0x000000070c800000, 0x000000070c900000|  0%| F|  |TS  0|AC  0|TAMS 0x000000070c800000, 0x000000070c800000|
| 201|0x000000070c900000, 0x000000070c900000, 0x000000070ca00000|  0%| F|  |TS  0|AC  0|TAMS 0x000000070c900000, 0x000000070c900000|
| 202|0x000000070ca00000, 0x000000070ca00000, 0x000000070cb00000|  0%| F|  |TS  0|AC  0|TAMS 0x000000070ca00000, 0x000000070ca00000|
| 203|0x000000070cb00000, 0x000000070cb00000, 0x000000070cc00000|  0%| F|  |TS  0|AC  0|TAMS 0x000000070cb00000, 0x000000070cb00000|
| 204|0x000000070cc00000, 0x000000070cc00000, 0x000000070cd00000|  0%| F|  |TS  0|AC  0|TAMS 0x000000070cc00000, 0x000000070cc00000|
| 205|0x000000070cd00000, 0x000000070cd00000, 0x000000070ce00000|  0%| F|  |TS  0|AC  0|TAMS 0x000000070cd00000, 0x000000070cd00000|
| 206|0x000000070ce00000, 0x000000070ce00000, 0x000000070cf00000|  0%| F|  |TS  0|AC  0|TAMS 0x000000070ce00000, 0x000000070ce00000|
| 207|0x000000070cf00000, 0x000000070cf00000, 0x000000070d000000|  0%| F|  |TS  0|AC  0|TAMS 0x000000070cf00000, 0x000000070cf00000|
| 208|0x000000070d000000, 0x000000070d000000, 0x000000070d100000|  0%| F|  |TS  0|AC  0|TAMS 0x000000070d000000, 0x000000070d000000|
| 209|0x000000070d100000, 0x000000070d100000, 0x000000070d200000|  0%| F|  |TS  0|AC  0|TAMS 0x000000070d100000, 0x000000070d100000|
| 210|0x000000070d200000, 0x000000070d200000, 0x000000070d300000|  0%| F|  |TS  0|AC  0|TAMS 0x000000070d200000, 0x000000070d200000|
| 211|0x000000070d300000, 0x000000070d300000, 0x000000070d400000|  0%| F|  |TS  0|AC  0|TAMS 0x000000070d300000, 0x000000070d300000|
| 212|0x000000070d400000, 0x000000070d400000, 0x000000070d500000|  0%| F|  |TS  0|AC  0|TAMS 0x000000070d400000, 0x000000070d400000|
| 213|0x000000070d500000, 0x000000070d500000, 0x000000070d600000|  0%| F|  |TS  0|AC  0|TAMS 0x000000070d500000, 0x000000070d500000|
| 214|0x000000070d600000, 0x000000070d600000, 0x000000070d700000|  0%| F|  |TS  0|AC  0|TAMS 0x000000070d600000, 0x000000070d600000|
| 215|0x000000070d700000, 0x000000070d700000, 0x000000070d800000|  0%| F|  |TS  0|AC  0|TAMS 0x000000070d700000, 0x000000070d700000|
| 216|0x000000070d800000, 0x000000070d800000, 0x000000070d900000|  0%| F|  |TS  0|AC  0|TAMS 0x000000070d800000, 0x000000070d800000|
| 217|0x000000070d900000, 0x000000070d900000, 0x000000070da00000|  0%| F|  |TS  0|AC  0|TAMS 0x000000070d900000, 0x000000070d900000|
| 218|0x000000070da00000, 0x000000070da00000, 0x000000070db00000|  0%| F|  |TS  0|AC  0|TAMS 0x000000070da00000, 0x000000070da00000|
| 219|0x000000070db00000, 0x000000070db00000, 0x000000070dc00000|  0%| F|  |TS  0|AC  0|TAMS 0x000000070db00000, 0x000000070db00000|
| 220|0x000000070dc00000, 0x000000070dc00000, 0x000000070dd00000|  0%| F|  |TS  0|AC  0|TAMS 0x000000070dc00000, 0x000000070dc00000|
| 221|0x000000070dd00000, 0x000000070dd00000, 0x000000070de00000|  0%| F|  |TS  0|AC  0|TAMS 0x000000070dd00000, 0x000000070dd00000|
| 222|0x000000070de00000, 0x000000070de00000, 0x000000070df00000|  0%| F|  |TS  0|AC  0|TAMS 0x000000070de00000, 0x000000070de00000|
| 223|0x000000070df00000, 0x000000070df00000, 0x000000070e000000|  0%| F|  |TS  0|AC  0|TAMS 0x000000070df00000, 0x000000070df00000|
| 224|0x000000070e000000, 0x000000070e000000, 0x000000070e100000|  0%| F|  |TS  0|AC  0|TAMS 0x000000070e000000, 0x000000070e000000|
| 225|0x000000070e100000, 0x000000070e100000, 0x000000070e200000|  0%| F|  |TS  0|AC  0|TAMS 0x000000070e100000, 0x000000070e100000|
| 226|0x000000070e200000, 0x000000070e200000, 0x000000070e300000|  0%| F|  |TS  0|AC  0|TAMS 0x000000070e200000, 0x000000070e200000|
| 227|0x000000070e300000, 0x000000070e300000, 0x000000070e400000|  0%| F|  |TS  0|AC  0|TAMS 0x000000070e300000, 0x000000070e300000|
| 228|0x000000070e400000, 0x000000070e400000, 0x000000070e500000|  0%| F|  |TS  0|AC  0|TAMS 0x000000070e400000, 0x000000070e400000|
| 229|0x000000070e500000, 0x000000070e500000, 0x000000070e600000|  0%| F|  |TS  0|AC  0|TAMS 0x000000070e500000, 0x000000070e500000|
| 230|0x000000070e600000, 0x000000070e600000, 0x000000070e700000|  0%| F|  |TS  0|AC  0|TAMS 0x000000070e600000, 0x000000070e600000|
| 231|0x000000070e700000, 0x000000070e700000, 0x000000070e800000|  0%| F|  |TS  0|AC  0|TAMS 0x000000070e700000, 0x000000070e700000|
| 232|0x000000070e800000, 0x000000070e800000, 0x000000070e900000|  0%| F|  |TS  0|AC  0|TAMS 0x000000070e800000, 0x000000070e800000|
| 233|0x000000070e900000, 0x000000070e900000, 0x000000070ea00000|  0%| F|  |TS  0|AC  0|TAMS 0x000000070e900000, 0x000000070e900000|
| 234|0x000000070ea00000, 0x000000070ea00000, 0x000000070eb00000|  0%| F|  |TS  0|AC  0|TAMS 0x000000070ea00000, 0x000000070ea00000|
| 235|0x000000070eb00000, 0x000000070eb00000, 0x000000070ec00000|  0%| F|  |TS  0|AC  0|TAMS 0x000000070eb00000, 0x000000070eb00000|
| 236|0x000000070ec00000, 0x000000070ec00000, 0x000000070ed00000|  0%| F|  |TS  0|AC  0|TAMS 0x000000070ec00000, 0x000000070ec00000|
| 237|0x000000070ed00000, 0x000000070ed00000, 0x000000070ee00000|  0%| F|  |TS  0|AC  0|TAMS 0x000000070ed00000, 0x000000070ed00000|
| 238|0x000000070ee00000, 0x000000070ee00000, 0x000000070ef00000|  0%| F|  |TS  0|AC  0|TAMS 0x000000070ee00000, 0x000000070ee00000|
| 239|0x000000070ef00000, 0x000000070ef00000, 0x000000070f000000|  0%| F|  |TS  0|AC  0|TAMS 0x000000070ef00000, 0x000000070ef00000|
| 240|0x000000070f000000, 0x000000070f000000, 0x000000070f100000|  0%| F|  |TS  0|AC  0|TAMS 0x000000070f000000, 0x000000070f000000|
| 241|0x000000070f100000, 0x000000070f100000, 0x000000070f200000|  0%| F|  |TS  0|AC  0|TAMS 0x000000070f100000, 0x000000070f100000|
| 242|0x000000070f200000, 0x000000070f200000, 0x000000070f300000|  0%| F|  |TS  0|AC  0|TAMS 0x000000070f200000, 0x000000070f200000|
| 243|0x000000070f300000, 0x000000070f300000, 0x000000070f400000|  0%| F|  |TS  0|AC  0|TAMS 0x000000070f300000, 0x000000070f300000|
| 244|0x000000070f400000, 0x000000070f400000, 0x000000070f500000|  0%| F|  |TS  0|AC  0|TAMS 0x000000070f400000, 0x000000070f400000|
| 245|0x000000070f500000, 0x000000070f500000, 0x000000070f600000|  0%| F|  |TS  0|AC  0|TAMS 0x000000070f500000, 0x000000070f500000|
| 246|0x000000070f600000, 0x000000070f600000, 0x000000070f700000|  0%| F|  |TS  0|AC  0|TAMS 0x000000070f600000, 0x000000070f600000|
| 247|0x000000070f700000, 0x000000070f700000, 0x000000070f800000|  0%| F|  |TS  0|AC  0|TAMS 0x000000070f700000, 0x000000070f700000|
| 248|0x000000070f800000, 0x000000070f800000, 0x000000070f900000|  0%| F|  |TS  0|AC  0|TAMS 0x000000070f800000, 0x000000070f800000|
| 249|0x000000070f900000, 0x000000070f900000, 0x000000070fa00000|  0%| F|  |TS  0|AC  0|TAMS 0x000000070f900000, 0x000000070f900000|
| 250|0x000000070fa00000, 0x000000070fa00000, 0x000000070fb00000|  0%| F|  |TS  0|AC  0|TAMS 0x000000070fa00000, 0x000000070fa00000|
| 251|0x000000070fb00000, 0x000000070fb00000, 0x000000070fc00000|  0%| F|  |TS  0|AC  0|TAMS 0x000000070fb00000, 0x000000070fb00000|
| 252|0x000000070fc00000, 0x000000070fc00000, 0x000000070fd00000|  0%| F|  |TS  0|AC  0|TAMS 0x000000070fc00000, 0x000000070fc00000|
| 253|0x000000070fd00000, 0x000000070fd00000, 0x000000070fe00000|  0%| F|  |TS  0|AC  0|TAMS 0x000000070fd00000, 0x000000070fd00000|
| 254|0x000000070fe00000, 0x000000070fe00000, 0x000000070ff00000|  0%| F|  |TS  0|AC  0|TAMS 0x000000070fe00000, 0x000000070fe00000|
| 255|0x000000070ff00000, 0x000000070ff00000, 0x0000000710000000|  0%| F|  |TS  0|AC  0|TAMS 0x000000070ff00000, 0x000000070ff00000|
| 256|0x0000000710000000, 0x0000000710000000, 0x0000000710100000|  0%| F|  |TS  0|AC  0|TAMS 0x0000000710000000, 0x0000000710000000|
| 257|0x0000000710100000, 0x0000000710100000, 0x0000000710200000|  0%| F|  |TS  0|AC  0|TAMS 0x0000000710100000, 0x0000000710100000|
| 258|0x0000000710200000, 0x0000000710200000, 0x0000000710300000|  0%| F|  |TS  0|AC  0|TAMS 0x0000000710200000, 0x0000000710200000|
| 259|0x0000000710300000, 0x0000000710300000, 0x0000000710400000|  0%| F|  |TS  0|AC  0|TAMS 0x0000000710300000, 0x0000000710300000|
| 260|0x0000000710400000, 0x0000000710400000, 0x0000000710500000|  0%| F|  |TS  0|AC  0|TAMS 0x0000000710400000, 0x0000000710400000|
| 261|0x0000000710500000, 0x0000000710500000, 0x0000000710600000|  0%| F|  |TS  0|AC  0|TAMS 0x0000000710500000, 0x0000000710500000|
| 262|0x0000000710600000, 0x0000000710600000, 0x0000000710700000|  0%| F|  |TS  0|AC  0|TAMS 0x0000000710600000, 0x0000000710600000|
| 263|0x0000000710700000, 0x0000000710700000, 0x0000000710800000|  0%| F|  |TS  0|AC  0|TAMS 0x0000000710700000, 0x0000000710700000|
| 264|0x0000000710800000, 0x000000071082d998, 0x0000000710900000| 17%| E|  |TS  0|AC  0|TAMS 0x0000000710800000, 0x0000000710800000|
| 265|0x0000000710900000, 0x0000000710a00000, 0x0000000710a00000|100%| E|CS|TS  0|AC  0|TAMS 0x0000000710900000, 0x0000000710900000|
| 266|0x0000000710a00000, 0x0000000710b00000, 0x0000000710b00000|100%| E|CS|TS  0|AC  0|TAMS 0x0000000710a00000, 0x0000000710a00000|
| 267|0x0000000710b00000, 0x0000000710c00000, 0x0000000710c00000|100%| E|CS|TS  0|AC  0|TAMS 0x0000000710b00000, 0x0000000710b00000|

Card table byte_map: [0x0000024221f20000,0x0000024222520000] byte_map_base: 0x000002421e720000

Marking Bits (Prev, Next): (CMBitMap*) 0x000002421d774378, (CMBitMap*) 0x000002421d774340
 Prev Bits: [0x000002423dec0000, 0x0000024240ec0000)
 Next Bits: [0x000002423aec0000, 0x000002423dec0000)

Polling page: 0x0000024217f30000

CodeHeap 'non-profiled nmethods': size=120000Kb used=31221Kb max_used=31221Kb free=88778Kb
 bounds [0x0000024233990000, 0x0000024235820000, 0x000002423aec0000]
CodeHeap 'profiled nmethods': size=120000Kb used=49798Kb max_used=49798Kb free=70201Kb
 bounds [0x000002422c460000, 0x000002422f570000, 0x0000024233990000]
CodeHeap 'non-nmethods': size=5760Kb used=1840Kb max_used=1893Kb free=3919Kb
 bounds [0x000002422bec0000, 0x000002422c130000, 0x000002422c460000]
 total_blobs=43801 nmethods=21491 adapters=1201
 compilation: enabled

Compilation events (10 events):
Event: 19179.831 Thread 0x000002421ab5a000 29044       3       sun.java2d.SunGraphics2D::rotate (13 bytes)
Event: 19179.832 Thread 0x000002421ab5a000 nmethod 29044 0x000002422f564590 code [0x000002422f564760, 0x000002422f5649c0]
Event: 19179.877 Thread 0x000002421ab5a000 29045       3       ui.data.o.d.by::<init> (7 bytes)
Event: 19179.877 Thread 0x000002421ab5a000 nmethod 29045 0x000002422f564a90 code [0x000002422f564c40, 0x000002422f564dd0]
Event: 19179.877 Thread 0x000002421ab5a000 29046       3       ui.views.waveform.d.a::gFZ (62 bytes)
Event: 19179.878 Thread 0x000002421ab5a000 nmethod 29046 0x000002422f564e90 code [0x000002422f565140, 0x000002422f566070]
Event: 19179.882 Thread 0x000002421ab58000 29047       4       javax.swing.table.DefaultTableCellRenderer::setValue (18 bytes)
Event: 19179.897 Thread 0x000002421ab58000 nmethod 29047 0x000002423580ed10 code [0x000002423580eee0, 0x000002423580f5a8]
Event: 19179.909 Thread 0x000002421ab56000 29048       4       ui.data.o.c.a::a (65 bytes)
Event: 19179.917 Thread 0x000002421ab56000 nmethod 29048 0x000002423580f890 code [0x000002423580fac0, 0x000002423580ff10]

GC Heap History (10 events):
Event: 19165.775 GC heap before
{Heap before GC invocations=1256 (full 32):
 garbage-first heap   total 274432K, used 167546K [0x0000000700000000, 0x0000000700100860, 0x00000007c0000000)
  region size 1024K, 60 young (61440K), 2 survivors (2048K)
 Metaspace       used 91289K, capacity 94483K, committed 97840K, reserved 1134592K
  class space    used 12077K, capacity 12688K, committed 13360K, reserved 1048576K
}
Event: 19165.814 GC heap after
{Heap after GC invocations=1257 (full 32):
 garbage-first heap   total 274432K, used 108183K [0x0000000700000000, 0x0000000700100860, 0x00000007c0000000)
  region size 1024K, 2 young (2048K), 2 survivors (2048K)
 Metaspace       used 91289K, capacity 94483K, committed 97840K, reserved 1134592K
  class space    used 12077K, capacity 12688K, committed 13360K, reserved 1048576K
}
Event: 19168.962 GC heap before
{Heap before GC invocations=1257 (full 32):
 garbage-first heap   total 274432K, used 167575K [0x0000000700000000, 0x0000000700100860, 0x00000007c0000000)
  region size 1024K, 60 young (61440K), 2 survivors (2048K)
 Metaspace       used 91292K, capacity 94483K, committed 97840K, reserved 1134592K
  class space    used 12077K, capacity 12688K, committed 13360K, reserved 1048576K
}
Event: 19168.968 GC heap after
{Heap after GC invocations=1258 (full 32):
 garbage-first heap   total 274432K, used 108315K [0x0000000700000000, 0x0000000700100860, 0x00000007c0000000)
  region size 1024K, 2 young (2048K), 2 survivors (2048K)
 Metaspace       used 91292K, capacity 94483K, committed 97840K, reserved 1134592K
  class space    used 12077K, capacity 12688K, committed 13360K, reserved 1048576K
}
Event: 19176.462 GC heap before
{Heap before GC invocations=1258 (full 32):
 garbage-first heap   total 274432K, used 167707K [0x0000000700000000, 0x0000000700100860, 0x00000007c0000000)
  region size 1024K, 60 young (61440K), 2 survivors (2048K)
 Metaspace       used 91294K, capacity 94483K, committed 97840K, reserved 1134592K
  class space    used 12078K, capacity 12688K, committed 13360K, reserved 1048576K
}
Event: 19176.467 GC heap after
{Heap after GC invocations=1259 (full 32):
 garbage-first heap   total 274432K, used 108250K [0x0000000700000000, 0x0000000700100860, 0x00000007c0000000)
  region size 1024K, 2 young (2048K), 2 survivors (2048K)
 Metaspace       used 91294K, capacity 94483K, committed 97840K, reserved 1134592K
  class space    used 12078K, capacity 12688K, committed 13360K, reserved 1048576K
}
Event: 19178.739 GC heap before
{Heap before GC invocations=1259 (full 32):
 garbage-first heap   total 274432K, used 167642K [0x0000000700000000, 0x0000000700100860, 0x00000007c0000000)
  region size 1024K, 60 young (61440K), 2 survivors (2048K)
 Metaspace       used 91294K, capacity 94483K, committed 97840K, reserved 1134592K
  class space    used 12078K, capacity 12688K, committed 13360K, reserved 1048576K
}
Event: 19178.779 GC heap after
{Heap after GC invocations=1260 (full 32):
 garbage-first heap   total 274432K, used 108541K [0x0000000700000000, 0x0000000700100860, 0x00000007c0000000)
  region size 1024K, 2 young (2048K), 2 survivors (2048K)
 Metaspace       used 91294K, capacity 94483K, committed 97840K, reserved 1134592K
  class space    used 12078K, capacity 12688K, committed 13360K, reserved 1048576K
}
Event: 19179.925 GC heap before
{Heap before GC invocations=1260 (full 32):
 garbage-first heap   total 274432K, used 130045K [0x0000000700000000, 0x0000000700100860, 0x00000007c0000000)
  region size 1024K, 14 young (14336K), 2 survivors (2048K)
 Metaspace       used 91295K, capacity 94483K, committed 97840K, reserved 1134592K
  class space    used 12078K, capacity 12688K, committed 13360K, reserved 1048576K
}
Event: 19180.498 GC heap after
{Heap after GC invocations=1261 (full 33):
 garbage-first heap   total 274432K, used 98576K [0x0000000700000000, 0x0000000700100860, 0x00000007c0000000)
  region size 1024K, 0 young (0K), 0 survivors (0K)
 Metaspace       used 91247K, capacity 94365K, committed 97840K, reserved 1134592K
  class space    used 12063K, capacity 12661K, committed 13360K, reserved 1048576K
}

Deoptimization events (10 events):
Event: 19153.902 Thread 0x00000242439a9800 Uncommon trap: reason=unstable_if action=reinterpret pc=0x00000242356f635c method=javax.swing.plaf.basic.BasicProgressBarUI$Handler.propertyChange(Ljava/beans/PropertyChangeEvent;)V @ 21 c2
Event: 19154.240 Thread 0x00000242439a9800 Uncommon trap: reason=unstable_if action=reinterpret pc=0x00000242350da954 method=com.jidesoft.document.d.a(Ljava/awt/Component;Lcom/jidesoft/document/DocumentPane;)Ljava/awt/Component; @ 23 c2
Event: 19154.290 Thread 0x00000242439a9800 Uncommon trap: reason=unstable_if action=reinterpret pc=0x00000242345d4a10 method=com.jidesoft.swing.JideSwingUtilities.isAncestorOfFocusOwner(Ljava/awt/Component;)Z @ 11 c2
Event: 19154.291 Thread 0x00000242439a9800 Uncommon trap: reason=unstable_if action=reinterpret pc=0x00000242356f2e20 method=com.jidesoft.swing.JideSwingUtilities.isAncestorOfFocusOwner(Ljava/awt/Component;)Z @ 11 c2
Event: 19154.291 Thread 0x00000242439a9800 Uncommon trap: reason=unstable_if action=reinterpret pc=0x000002423521ab80 method=com.jidesoft.swing.JideSwingUtilities.isAncestorOfFocusOwner(Ljava/awt/Component;)Z @ 11 c2
Event: 19154.291 Thread 0x00000242439a9800 Uncommon trap: reason=unstable_if action=reinterpret pc=0x00000242356d9ce4 method=com.jidesoft.swing.JideSwingUtilities.isAncestorOfFocusOwner(Ljava/awt/Component;)Z @ 11 c2
Event: 19155.004 Thread 0x00000242439a9800 Uncommon trap: reason=unstable_if action=reinterpret pc=0x0000024234f8e9a4 method=com.jidesoft.document.d.a(Ljava/awt/Component;Lcom/jidesoft/document/DocumentPane;)Ljava/awt/Component; @ 23 c2
Event: 19172.406 Thread 0x00000242439a9800 Uncommon trap: reason=class_check action=maybe_recompile pc=0x0000024234a573a8 method=javax.swing.AbstractButton.setEnabled(Z)V @ 21 c2
Event: 19176.552 Thread 0x00000242439a9800 Uncommon trap: reason=class_check action=maybe_recompile pc=0x0000024234f8a6dc method=javax.swing.plaf.synth.ParsedSynthStyle$DelegatingPainter.paintPanelBackground(Ljavax/swing/plaf/synth/SynthContext;Ljava/awt/Graphics;IIII)V @ 16 c2
Event: 19176.650 Thread 0x00000242439a9800 Uncommon trap: reason=class_check action=maybe_recompile pc=0x0000024234f8a6dc method=javax.swing.plaf.synth.ParsedSynthStyle$DelegatingPainter.paintPanelBackground(Ljavax/swing/plaf/synth/SynthContext;Ljava/awt/Graphics;IIII)V @ 16 c2

Classes redefined (0 events):
No events

Internal exceptions (10 events):
Event: 19061.022 Thread 0x00000242439a9800 Exception <a 'java/lang/NoSuchMethodError'{0x000000070e035de0}: java.lang.invoke.DelegatingMethodHandle$Holder.reinvoke_L(Ljava/lang/Object;IILjava/lang/Object;Ljava/lang/Object;Ljava/lang/Object;)Ljava/lang/Object;> (0x000000070e035de0) thrown at [t:/wor
Event: 19061.162 Thread 0x00000242439a9800 Implicit null exception at 0x000002423568efe3 to 0x000002423568f9fd
Event: 19093.104 Thread 0x000002429d950000 Exception <a 'java/lang/InterruptedException'{0x000000070f0139d0}: sleep interrupted> (0x000000070f0139d0) thrown at [t:/workspace/hotspot/src/share/vm/prims/jvm.cpp, line 2984]
Event: 19109.462 Thread 0x00000242439a9800 Exception <a 'java/lang/NoSuchMethodError'{0x0000000710325ea0}: java.lang.invoke.DelegatingMethodHandle$Holder.reinvoke_L(Ljava/lang/Object;IIILjava/lang/Object;II)Ljava/lang/Object;> (0x0000000710325ea0) thrown at [t:/workspace/hotspot/src/share/vm/inter
Event: 19109.471 Thread 0x00000242439a9800 Exception <a 'java/lang/NoSuchMethodError'{0x00000007103a0250}: java.lang.invoke.DelegatingMethodHandle$Holder.reinvoke_L(Ljava/lang/Object;IILjava/lang/Object;Ljava/lang/Object;Ljava/lang/Object;Ljava/lang/Object;)Ljava/lang/Object;> (0x00000007103a0250)
Event: 19109.486 Thread 0x00000242439a9800 Exception <a 'java/lang/NoSuchMethodError'{0x0000000710256ab8}: java.lang.invoke.DirectMethodHandle$Holder.invokeSpecial(Ljava/lang/Object;Ljava/lang/Object;IILjava/lang/Object;ILjava/lang/Object;I)Ljava/lang/Object;> (0x0000000710256ab8) thrown at [t:/wo
Event: 19109.486 Thread 0x00000242439a9800 Exception <a 'java/lang/NoSuchMethodError'{0x000000071025a228}: java.lang.invoke.DelegatingMethodHandle$Holder.reinvoke_L(Ljava/lang/Object;IILjava/lang/Object;ILjava/lang/Object;I)Ljava/lang/Object;> (0x000000071025a228) thrown at [t:/workspace/hotspot/s
Event: 19109.489 Thread 0x00000242439a9800 Exception <a 'java/lang/NoSuchMethodError'{0x000000071028abf8}: method resolution failed> (0x000000071028abf8) thrown at [t:/workspace/hotspot/src/share/vm/prims/methodHandles.cpp, line 1256]
Event: 19109.498 Thread 0x00000242439a9800 Exception <a 'java/lang/NoSuchMethodError'{0x0000000710135ab8}: java.lang.invoke.DelegatingMethodHandle$Holder.reinvoke_L(Ljava/lang/Object;Ljava/lang/Object;IILjava/lang/Object;Ljava/lang/Object;Ljava/lang/Object;Ljava/lang/Object;Ljava/lang/Object;Ljava
Event: 19109.511 Thread 0x00000242439a9800 Exception <a 'java/lang/NoSuchMethodError'{0x0000000710052710}: java.lang.invoke.DelegatingMethodHandle$Holder.reinvoke_L(Ljava/lang/Object;IILjava/lang/Object;Ljava/lang/Object;Ljava/lang/Object;Ljava/lang/Object;Ljava/lang/Object;Ljava/lang/Object;Ljava

Events (10 events):
Event: 19179.924 Thread 0x000002429d950800 Thread exited: 0x000002429d950800
Event: 19179.924 Executing VM operation: G1CollectFull
Event: 19180.498 Executing VM operation: G1CollectFull done
Event: 19180.498 Thread 0x000002429d955800 Thread exited: 0x000002429d955800
Event: 19180.508 Executing VM operation: ForceSafepoint
Event: 19180.509 Executing VM operation: ForceSafepoint done
Event: 19180.515 Thread 0x000002429d954800 Thread added: 0x000002429d954800
Event: 19180.517 Executing VM operation: RevokeBias
Event: 19180.524 Executing VM operation: RevokeBias done
Event: 19180.524 Thread 0x000002429d954800 Thread exited: 0x000002429d954800


Dynamic libraries:
0x00007ff6ccdf0000 - 0x00007ff6cce20000 	D:\xilinx_2019\Vivado\2019.1\bin\unwrapped\win64.o\vivado.exe
0x00007ffd1bfe0000 - 0x00007ffd1c1d0000 	C:\Windows\SYSTEM32\ntdll.dll
0x00007ffd1b3e0000 - 0x00007ffd1b492000 	C:\Windows\System32\KERNEL32.DLL
0x00007ffd19de0000 - 0x00007ffd1a084000 	C:\Windows\System32\KERNELBASE.dll
0x00007ffd19c60000 - 0x00007ffd19d5a000 	C:\Windows\System32\ucrtbase.dll
0x00007ffcfd500000 - 0x00007ffcfd599000 	C:\Windows\SYSTEM32\MSVCP140.dll
0x00007ffd13e70000 - 0x00007ffd13e84000 	D:\xilinx_2019\Vivado\2019.1\lib\win64.o\libboost_signals.dll
0x00007ffcff010000 - 0x00007ffcff026000 	C:\Windows\SYSTEM32\VCRUNTIME140.dll
0x00007ffd115c0000 - 0x00007ffd115d4000 	D:\xilinx_2019\Vivado\2019.1\lib\win64.o\librdi_commonmain.dll
0x00007ffcc8a70000 - 0x00007ffcc9952000 	D:\xilinx_2019\Vivado\2019.1\lib\win64.o\librdi_common.dll
0x00007ffd11590000 - 0x00007ffd115b6000 	D:\xilinx_2019\Vivado\2019.1\lib\win64.o\libboost_filesystem.dll
0x00007ffd13e60000 - 0x00007ffd13e6a000 	D:\xilinx_2019\Vivado\2019.1\lib\win64.o\librdi_commonversion.dll
0x00007ffd1a890000 - 0x00007ffd1a933000 	C:\Windows\System32\ADVAPI32.dll
0x00007ffd1a6f0000 - 0x00007ffd1a884000 	C:\Windows\System32\USER32.dll
0x00007ffd1aaf0000 - 0x00007ffd1ab8e000 	C:\Windows\System32\msvcrt.dll
0x00007ffd18f60000 - 0x00007ffd18f81000 	C:\Windows\System32\win32u.dll
0x00007ffd1bc90000 - 0x00007ffd1bd27000 	C:\Windows\System32\sechost.dll
0x00007ffd1ad10000 - 0x00007ffd1ad36000 	C:\Windows\System32\GDI32.dll
0x00007ffd1abf0000 - 0x00007ffd1ad10000 	C:\Windows\System32\RPCRT4.dll
0x00007ffd19220000 - 0x00007ffd193b6000 	C:\Windows\System32\gdi32full.dll
0x00007ffcca4b0000 - 0x00007ffcca5d1000 	D:\xilinx_2019\Vivado\2019.1\lib\win64.o\librdi_commonxillic.dll
0x000000005c660000 - 0x000000005c78b000 	D:\xilinx_2019\Vivado\2019.1\lib\win64.o\tcl85t.dll
0x00007ffd19110000 - 0x00007ffd191ae000 	C:\Windows\System32\msvcp_win.dll
0x00007ffd1a5b0000 - 0x00007ffd1a61f000 	C:\Windows\System32\WS2_32.dll
0x00007ffd1b4a0000 - 0x00007ffd1bb86000 	C:\Windows\System32\SHELL32.dll
0x00007ffd191b0000 - 0x00007ffd191fa000 	C:\Windows\System32\cfgmgr32.dll
0x00007ffd1a500000 - 0x00007ffd1a5a9000 	C:\Windows\System32\shcore.dll
0x00007ffd11580000 - 0x00007ffd1158b000 	D:\xilinx_2019\Vivado\2019.1\lib\win64.o\libboost_system.dll
0x00007ffcc8700000 - 0x00007ffcc8a6e000 	D:\xilinx_2019\Vivado\2019.1\lib\win64.o\libCOIN-all.dll
0x00007ffd11560000 - 0x00007ffd11574000 	D:\xilinx_2019\Vivado\2019.1\lib\win64.o\libboost_date_time.dll
0x00007ffd1a1c0000 - 0x00007ffd1a4f5000 	C:\Windows\System32\combase.dll
0x00007ffd19d60000 - 0x00007ffd19de0000 	C:\Windows\System32\bcryptPrimitives.dll
0x00007ffd193c0000 - 0x00007ffd19b42000 	C:\Windows\System32\windows.storage.dll
0x00007ffd114e0000 - 0x00007ffd1155f000 	D:\xilinx_2019\Vivado\2019.1\lib\win64.o\libboost_program_options.dll
0x00007ffd18ec0000 - 0x00007ffd18ee3000 	C:\Windows\System32\profapi.dll
0x00007ffd18f10000 - 0x00007ffd18f5a000 	C:\Windows\System32\powrprof.dll
0x00007ffd18e90000 - 0x00007ffd18ea0000 	C:\Windows\System32\UMPDC.dll
0x00007ffcc85e0000 - 0x00007ffcc86f4000 	D:\xilinx_2019\Vivado\2019.1\lib\win64.o\libboost_regex.dll
0x00007ffd114b0000 - 0x00007ffd114d1000 	D:\xilinx_2019\Vivado\2019.1\lib\win64.o\libboost_thread.dll
0x00007ffd1ab90000 - 0x00007ffd1abe2000 	C:\Windows\System32\shlwapi.dll
0x00007ffd18ea0000 - 0x00007ffd18eb1000 	C:\Windows\System32\kernel.appcore.dll
0x00007ffcffed0000 - 0x00007ffcffedf000 	D:\xilinx_2019\Vivado\2019.1\lib\win64.o\libboost_xilinx.dll
0x00007ffd19200000 - 0x00007ffd19217000 	C:\Windows\System32\cryptsp.dll
0x00007ffcf6bf0000 - 0x00007ffcf6c72000 	D:\xilinx_2019\Vivado\2019.1\lib\win64.o\libhdlpsolve.dll
0x00007ffcd3910000 - 0x00007ffcd39b5000 	D:\xilinx_2019\Vivado\2019.1\lib\win64.o\libhdxml.dll
0x00007ffcc7a30000 - 0x00007ffcc85df400 	D:\xilinx_2019\Vivado\2019.1\lib\win64.o\libisl_iostreams.dll
0x00007ffcf6bc0000 - 0x00007ffcf6bee000 	D:\xilinx_2019\Vivado\2019.1\lib\win64.o\libisl_sysinfo.dll
0x00007ffcf5470000 - 0x00007ffcf54d5000 	D:\xilinx_2019\Vivado\2019.1\lib\win64.o\liblmx6.0.dll
0x00007ffcf6ba0000 - 0x00007ffcf6bba000 	D:\xilinx_2019\Vivado\2019.1\lib\win64.o\pthreadVC2.dll
0x00007ffce9030000 - 0x00007ffce9051000 	D:\xilinx_2019\Vivado\2019.1\lib\win64.o\librdizlib.dll
0x00007ffcf5450000 - 0x00007ffcf546c000 	D:\xilinx_2019\Vivado\2019.1\lib\win64.o\librdiconfig.dll
0x0000000012000000 - 0x0000000012270000 	D:\xilinx_2019\Vivado\2019.1\lib\win64.o\xerces-c_3_1.dll
0x00007ffcc7750000 - 0x00007ffcc7a28000 	D:\xilinx_2019\Vivado\2019.1\lib\win64.o\libXil_lmgr11.dll
0x00007ffcfeaa0000 - 0x00007ffcfeab7000 	C:\Windows\SYSTEM32\NETAPI32.dll
0x00007ffd1a620000 - 0x00007ffd1a6f0000 	C:\Windows\System32\COMDLG32.dll
0x00007ffd017e0000 - 0x00007ffd01cb5000 	C:\Windows\SYSTEM32\WININET.dll
0x00007ffd1bb90000 - 0x00007ffd1bc55000 	C:\Windows\System32\OLEAUT32.dll
0x00007ffd11840000 - 0x00007ffd11930000 	C:\Windows\SYSTEM32\WINHTTP.dll
0x00007ffd07980000 - 0x00007ffd07b56000 	C:\Windows\SYSTEM32\urlmon.dll
0x00007ffd1be40000 - 0x00007ffd1bf97000 	C:\Windows\System32\ole32.dll
0x00007ffd19c00000 - 0x00007ffd19c5c000 	C:\Windows\System32\WINTRUST.dll
0x00007ffd18ef0000 - 0x00007ffd18f02000 	C:\Windows\System32\MSASN1.dll
0x00007ffd18f90000 - 0x00007ffd190d9000 	C:\Windows\System32\CRYPT32.dll
0x00007ffcf6b90000 - 0x00007ffcf6b99000 	C:\Windows\SYSTEM32\WSOCK32.dll
0x00007ffcfcf00000 - 0x00007ffcfcf0d000 	D:\xilinx_2019\Vivado\2019.1\lib\win64.o\libboost_chrono.dll
0x00007ffce9000000 - 0x00007ffce9029000 	C:\Windows\SYSTEM32\VCOMP140.DLL
0x00007ffcc68b0000 - 0x00007ffcc7741000 	D:\xilinx_2019\Vivado\2019.1\lib\win64.o\gurobi65.dll
0x00007ffce1780000 - 0x00007ffce179b000 	D:\xilinx_2019\Vivado\2019.1\lib\win64.o\libboost_iostreams.dll
0x00007ffce1750000 - 0x00007ffce1775000 	D:\xilinx_2019\Vivado\2019.1\lib\win64.o\libisl_iosutils.dll
0x00007ffd06420000 - 0x00007ffd064c9000 	C:\Windows\WinSxS\amd64_microsoft.windows.common-controls_6595b64144ccf1df_5.82.18362.959_none_2a27bd024669d2fe\COMCTL32.dll
0x00007ffd083e0000 - 0x00007ffd08686000 	C:\Windows\SYSTEM32\iertutil.dll
0x00007ffd0dca0000 - 0x00007ffd0dcbc000 	C:\Windows\SYSTEM32\dhcpcsvc.DLL
0x00007ffd1b370000 - 0x00007ffd1b378000 	C:\Windows\System32\NSI.dll
0x00007ffd188d0000 - 0x00007ffd188dc000 	C:\Windows\SYSTEM32\CRYPTBASE.DLL
0x00007ffd18520000 - 0x00007ffd1852c000 	C:\Windows\SYSTEM32\NETUTILS.DLL
0x00007ffd1bc60000 - 0x00007ffd1bc8e000 	C:\Windows\System32\IMM32.DLL
0x00007ffcc6390000 - 0x00007ffcc68a7000 	D:\xilinx_2019\Vivado\2019.1\lib\win64.o\librdi_commontasks.dll
0x00007ffd0ae90000 - 0x00007ffd0ae9a000 	C:\Windows\SYSTEM32\VERSION.dll
0x00007ffcc6100000 - 0x00007ffcc6386000 	D:\xilinx_2019\Vivado\2019.1\lib\win64.o\librdi_sio.dll
0x000000005b430000 - 0x000000005be55000 	D:\xilinx_2019\Vivado\2019.1\tps\win64\jre9.0.4\bin\server\jvm.dll
0x00007ffd1bd30000 - 0x00007ffd1bd38000 	C:\Windows\System32\PSAPI.DLL
0x00007ffd18410000 - 0x00007ffd1844a000 	C:\Windows\SYSTEM32\IPHLPAPI.DLL
0x00007ffd16770000 - 0x00007ffd16794000 	C:\Windows\SYSTEM32\WINMM.dll
0x00007ffcc6010000 - 0x00007ffcc60ff000 	C:\Windows\SYSTEM32\MSVCR120.dll
0x00007ffd16660000 - 0x00007ffd1668d000 	C:\Windows\SYSTEM32\winmmbase.dll
0x00007ffd18700000 - 0x00007ffd18767000 	C:\Windows\SYSTEM32\MSWSOCK.DLL
0x00007ffcc3b50000 - 0x00007ffcc600c000 	D:\xilinx_2019\Vivado\2019.1\lib\win64.o\librdi_tcltasks.dll
0x00007ffcc3520000 - 0x00007ffcc3598000 	D:\xilinx_2019\Vivado\2019.1\lib\win64.o\librdi_boarddep.dll
0x00007ffcc35a0000 - 0x00007ffcc3731000 	D:\xilinx_2019\Vivado\2019.1\lib\win64.o\librdi_board.dll
0x00007ffcc3430000 - 0x00007ffcc351b000 	D:\xilinx_2019\Vivado\2019.1\lib\win64.o\librdi_chipscope.dll
0x00007ffcc3740000 - 0x00007ffcc3b48000 	D:\xilinx_2019\Vivado\2019.1\lib\win64.o\librdi_bitstream.dll
0x00007ffcc3270000 - 0x00007ffcc342d000 	D:\xilinx_2019\Vivado\2019.1\lib\win64.o\librdi_chipscopeimpl.dll
0x00007ffcc1720000 - 0x00007ffcc1876000 	D:\xilinx_2019\Vivado\2019.1\lib\win64.o\librdi_containers.dll
0x00007ffcc1880000 - 0x00007ffcc326a000 	D:\xilinx_2019\Vivado\2019.1\lib\win64.o\librdi_constraints.dll
0x00007ffcbf180000 - 0x00007ffcbf85a000 	D:\xilinx_2019\Vivado\2019.1\lib\win64.o\librdi_coregenipxact.dll
0x00007ffcbf860000 - 0x00007ffcc1711000 	D:\xilinx_2019\Vivado\2019.1\lib\win64.o\librdi_coregen.dll
0x00007ffca89e0000 - 0x00007ffca8cfe000 	D:\xilinx_2019\Vivado\2019.1\lib\win64.o\librdi_dlyest.dll
0x00007ffcbb130000 - 0x00007ffcbf173000 	D:\xilinx_2019\Vivado\2019.1\lib\win64.o\librdi_designutils.dll
0x00007ffca8440000 - 0x00007ffca89da000 	D:\xilinx_2019\Vivado\2019.1\lib\win64.o\librdi_drc.dll
0x00007ffca8370000 - 0x00007ffca8434000 	D:\xilinx_2019\Vivado\2019.1\lib\win64.o\librdi_dsp.dll
0x00007ffca7d20000 - 0x00007ffca836d000 	D:\xilinx_2019\Vivado\2019.1\lib\win64.o\librdi_filemgmt.dll
0x00007ffca7a30000 - 0x00007ffca7d13000 	D:\xilinx_2019\Vivado\2019.1\lib\win64.o\librdi_guitools.dll
0x00007ffca79c0000 - 0x00007ffca7a25000 	D:\xilinx_2019\Vivado\2019.1\lib\win64.o\librdi_hdf.dll
0x00007ffca5de0000 - 0x00007ffca63f5000 	D:\xilinx_2019\Vivado\2019.1\lib\win64.o\librdi_memdata.dll
0x00007ffca5d60000 - 0x00007ffca5dd3000 	D:\xilinx_2019\Vivado\2019.1\lib\win64.o\librdi_memoryarray.dll
0x00007ffca6400000 - 0x00007ffca79c0000 	D:\xilinx_2019\Vivado\2019.1\lib\win64.o\librdi_implflow.dll
0x00007ffca2970000 - 0x00007ffca29bb000 	D:\xilinx_2019\Vivado\2019.1\lib\win64.o\librdi_pfi.dll
0x00007ffca29c0000 - 0x00007ffca3062000 	D:\xilinx_2019\Vivado\2019.1\lib\win64.o\librdi_netlist.dll
0x00007ffca8d00000 - 0x00007ffcbb12c000 	D:\xilinx_2019\Vivado\2019.1\lib\win64.o\librdi_device.dll
0x00007ffc9ffe0000 - 0x00007ffca02ef000 	D:\xilinx_2019\Vivado\2019.1\lib\win64.o\librdi_platform.dll
0x00007ffc9f890000 - 0x00007ffc9ffda000 	D:\xilinx_2019\Vivado\2019.1\lib\win64.o\librdi_power.dll
0x00007ffc9f310000 - 0x00007ffc9f88f000 	D:\xilinx_2019\Vivado\2019.1\lib\win64.o\librdi_project.dll
0x00007ffc9ec00000 - 0x00007ffc9f309000 	D:\xilinx_2019\Vivado\2019.1\lib\win64.o\librdi_psta.dll
0x00007ffca3070000 - 0x00007ffca5d56000 	D:\xilinx_2019\Vivado\2019.1\lib\win64.o\librdi_mig.dll
0x00007ffca02f0000 - 0x00007ffca2966000 	D:\xilinx_2019\Vivado\2019.1\lib\win64.o\librdi_place.dll
0x00007ffc9e4f0000 - 0x00007ffc9ebf6000 	D:\xilinx_2019\Vivado\2019.1\lib\win64.o\librdi_rsb.dll
0x00007ffc9e0f0000 - 0x00007ffc9e4e1000 	D:\xilinx_2019\Vivado\2019.1\lib\win64.o\librdi_runs.dll
0x00007ffc9dff0000 - 0x00007ffc9e0ea000 	D:\xilinx_2019\Vivado\2019.1\lib\win64.o\librdi_runsbase.dll
0x00007ffc9dd90000 - 0x00007ffc9dfe6000 	D:\xilinx_2019\Vivado\2019.1\lib\win64.o\librdi_simdata.dll
0x00007ffc9cf70000 - 0x00007ffc9dd81000 	D:\xilinx_2019\Vivado\2019.1\lib\win64.o\librdi_timing.dll
0x00007ffc9cdf0000 - 0x00007ffc9cf62000 	D:\xilinx_2019\Vivado\2019.1\lib\win64.o\librdi_advchipscopeimpl.dll
0x00007ffc9cae0000 - 0x00007ffc9cb23000 	D:\xilinx_2019\Vivado\2019.1\lib\win64.o\librdi_noc_frameworks.dll
0x00007ffc9cc50000 - 0x00007ffc9cdef000 	D:\xilinx_2019\Vivado\2019.1\lib\win64.o\librdi_hip_devdesign.dll
0x00007ffc9cb30000 - 0x00007ffc9cbf2000 	D:\xilinx_2019\Vivado\2019.1\lib\win64.o\librdi_ipconfig_readwrite.dll
0x00007ffc9cc00000 - 0x00007ffc9cc4c000 	D:\xilinx_2019\Vivado\2019.1\lib\win64.o\libboost_serialization.dll
0x00007ffc9bef0000 - 0x00007ffc9bf8e000 	D:\xilinx_2019\Vivado\2019.1\lib\win64.o\libise.dll
0x00007ffc9bf90000 - 0x00007ffc9cad7000 	D:\xilinx_2019\Vivado\2019.1\lib\win64.o\libverific.dll
0x00007ffc9bb00000 - 0x00007ffc9bee5000 	D:\xilinx_2019\Vivado\2019.1\lib\win64.o\librdi_hip_config.dll

VM Arguments:
jvm_args: -Dsun.java2d.pmoffscreen=false -Dsun.java2d.xrender=false -Dsun.java2d.d3d=false -Dsun.awt.nopixfmt=true -Dsun.java2d.dpiaware=true -Dsun.java2d.uiScale.enabled=false -Xverify:none -Dswing.aatext=true -XX:-UsePerfData -Djdk.map.althashing.threshold=512 -XX:StringTableSize=4072 --add-opens=java.base/java.nio=ALL-UNNAMED --add-opens=java.desktop/sun.swing=ALL-UNNAMED --add-opens=java.desktop/javax.swing=ALL-UNNAMED --add-opens=java.desktop/javax.swing.tree=ALL-UNNAMED --add-opens=java.desktop/javax.swing.plaf.basic=ALL-UNNAMED --add-opens=java.desktop/javax.swing.plaf.synth=ALL-UNNAMED --add-opens=java.desktop/com.sun.awt=ALL-UNNAMED -XX:NewSize=60m -XX:MaxNewSize=60m -Xms128m -Xmx3072m -Xss5m 
java_command: <unknown>
java_class_path (initial): D:/xilinx_2019/Vivado/2019.1\lib\classes\alloy.jar;D:/xilinx_2019/Vivado/2019.1\lib\classes\autopilot.scelaborator.jar;D:/xilinx_2019/Vivado/2019.1\lib\classes\autopilot.sourceprocessor.jar;D:/xilinx_2019/Vivado/2019.1\lib\classes\autopilot.tbprocessor.jar;D:/xilinx_2019/Vivado/2019.1\lib\classes\batik-anim.jar;D:/xilinx_2019/Vivado/2019.1\lib\classes\batik-awt-util.jar;D:/xilinx_2019/Vivado/2019.1\lib\classes\batik-bridge.jar;D:/xilinx_2019/Vivado/2019.1\lib\classes\batik-codec.jar;D:/xilinx_2019/Vivado/2019.1\lib\classes\batik-css.jar;D:/xilinx_2019/Vivado/2019.1\lib\classes\batik-dom.jar;D:/xilinx_2019/Vivado/2019.1\lib\classes\batik-ext.jar;D:/xilinx_2019/Vivado/2019.1\lib\classes\batik-gui-util.jar;D:/xilinx_2019/Vivado/2019.1\lib\classes\batik-gvt.jar;D:/xilinx_2019/Vivado/2019.1\lib\classes\batik-parser.jar;D:/xilinx_2019/Vivado/2019.1\lib\classes\batik-script.jar;D:/xilinx_2019/Vivado/2019.1\lib\classes\batik-svg-dom.jar;D:/xilinx_2019/Vivado/2019.1\lib\classes\batik-swing.jar;D:/xilinx_2019/Vivado/2019.1\lib\classes\batik-transcoder.jar;D:/xilinx_2019/Vivado/2019.1\lib\classes\batik-util.jar;D:/xilinx_2019/Vivado/2019.1\lib\classes\batik-xml.jar;D:/xilinx_2019/Vivado/2019.1\lib\classes\com.google.gson_2.7.0.v20170129-0911.jar;D:/xilinx_2019/Vivado/2019.1\lib\classes\com.google.guava_21.0.0.v20170206-1425.jar;D:/xilinx_2019/Vivado/2019.1\lib\classes\com.google.inject_3.0.0.v201605172100.jar;D:/xilinx_2019/Vivado/2019.1\lib\classes\com.ibm.icu_4.4.2.v20110208.jar;D:/xilinx_2019/Vivado/2019.1\lib\classes\com.sigasi.hdt.annotations.runtime_4.3.0.201903071210.jar;D:/xilinx_2019/Vivado/2019.1\lib\classes\com.sigasi.hdt.blockdiagram.model_4.3.0.201903071210.jar;D:/xilinx_2019/Vivado/2019.1\lib\classes\com.sigasi.hdt.connection_4.3.0.201903071210.jar;D:/xilinx_2019/Vivado/2019.1\lib\classes\com.sigasi.hdt.dependencies.model_4.3.0.201903071210.jar;D:/xilinx_2019/Vivado/2019.1\lib\classes\com.sigasi.hdt.epl_4.3.0.201903071210.jar;D:/xilin
Launcher Type: generic

Logging:
Log output configuration:
#0: stdout all=warning uptime,level,tags
#1: stderr all=off uptime,level,tags

Environment Variables:
PATH=D:/xilinx_2019/Vivado/2019.1/bin;D:/xilinx_2019/Vivado/2019.1/lib/win64.o;D:/xilinx_2019/Vivado/2019.1/tps/win64/jre9.0.4/bin/server;D:/xilinx_2019/Vivado/2019.1/tps/win64/jre9.0.4/bin;D:/xilinx_2019/SDK/2019.1/bin;D:/xilinx_2019/Vivado/2019.1/ids_lite/ISE/bin/nt64;D:/xilinx_2019/Vivado/2019.1/ids_lite/ISE/lib/nt64;D:\programs\synopsys\Hspice_L-2016.06-SP1;C:\Python\Scripts\;C:\Python\;C:\Windows\system32;C:\Windows;C:\Windows\System32\Wbem;C:\Windows\System32\WindowsPowerShell\v1.0\;C:\Windows\System32\OpenSSH\;C:\Program Files (x86)\NVIDIA Corporation\PhysX\Common;C:\Program Files\NVIDIA Corporation\NVIDIA NvDLISR;D:\programs\matlab\runtime\win64;D:\programs\matlab\bin;D:\programs\matlab\polyspace\bin;D:\Program Files\Git\cmd;C:\Users\Fanxin_meng\AppData\Local\Microsoft\WindowsApps;;D:\programs\PyCharm Community Edition 2020.1\bin;D:\programs\Microsoft VS Code\bin;D:/xilinx_2019/Vivado/2019.1\tps\mingw\6.2.0\win64.o\nt\bin;D:/xilinx_2019/Vivado/2019.1\tps\mingw\6.2.0\win64.o\nt\libexec\gcc\x86_64-w64-mingw32\6.2.0;D:/xilinx_2019/Vivado/2019.1\tps\win64\python-2.7.5;D:/xilinx_2019/Vivado/2019.1\tps\win64\python-2.7.5\lib;D:/xilinx_2019/Vivado/2019.1\tps\win64\python-2.7.5\Lib\lib-tk;D:/xilinx_2019/Vivado/2019.1\tps\win64\python-2.7.5\lib\site-packages
USERNAME=Fanxin_meng
OS=Windows_NT
PROCESSOR_IDENTIFIER=Intel64 Family 6 Model 142 Stepping 12, GenuineIntel



---------------  S Y S T E M  ---------------

OS: Windows 10 , 64 bit Build 18362 (10.0.18362.959)

CPU:total 8 (initial active 8) (4 cores per cpu, 2 threads per core) family 6 model 142 stepping 12, cmov, cx8, fxsr, mmx, sse, sse2, sse3, ssse3, sse4.1, sse4.2, popcnt, avx, avx2, aes, clmul, erms, 3dnowpref, lzcnt, ht, tsc, tscinvbit, bmi1, bmi2, adx, fma

Memory: 4k page, physical 16601588k(12782700k free), swap 19975036k(12012608k free)

vm_info: Java HotSpot(TM) 64-Bit Server VM (9.0.4+11) for windows-amd64 JRE (9.0.4+11), built on Dec 20 2017 02:18:54 by "mach5one" with MS VC++ 12.0 (VS2013)

END.
