#-----------------------------------------------------------
# Vivado v2019.1 (64-bit)
# SW Build 2552052 on Fri May 24 14:49:42 MDT 2019
# IP Build 2548770 on Fri May 24 18:01:18 MDT 2019
# Start of session at: Sat Aug  1 16:26:08 2020
# Process ID: 392
# Current directory: D:/verilog_docs/HDMI_Demo
# Command line: vivado.exe -gui_launcher_event rodinguilauncherevent6068 D:\verilog_docs\HDMI_Demo\HDMI_Demo.xpr
# Log file: D:/verilog_docs/HDMI_Demo/vivado.log
# Journal file: D:/verilog_docs/HDMI_Demo\vivado.jou
#-----------------------------------------------------------
start_gui
open_project D:/verilog_docs/HDMI_Demo/HDMI_Demo.xpr
CRITICAL WARNING: [Project 1-19] Could not find the file 'c:/Users/Fanxin_meng/Desktop/SEU_Picture_1_Rom.coe'.
CRITICAL WARNING: [Project 1-19] Could not find the file 'c:/Users/Fanxin_meng/Desktop/500_win.coe'.
Scanning sources...
Finished scanning sources
INFO: [IP_Flow 19-234] Refreshing IP repositories
INFO: [IP_Flow 19-1700] Loaded user IP repository 'd:/verilog_docs/RGB2DVI_IP'.
INFO: [IP_Flow 19-1700] Loaded user IP repository 'd:/verilog_docs/FPGA_IP'.
INFO: [IP_Flow 19-2313] Loaded Vivado IP repository 'D:/xilinx_2019/Vivado/2019.1/data/ip'.
WARNING: [IP_Flow 19-1663] Duplicate IP found for 'digilentinc.com:ip:rgb2dvi:1.2'. The one found in IP location 'd:/verilog_docs/RGB2DVI_IP' will take precedence over the same IP in location d:/verilog_docs/FPGA_IP/Mini-HDMI-IP/IP/RGB2DVI_IP
open_project: Time (s): cpu = 00:00:18 ; elapsed = 00:00:08 . Memory (MB): peak = 847.414 ; gain = 173.660
update_compile_order -fileset sources_1
export_ip_user_files -of_objects  [get_files c:/Users/Fanxin_meng/Desktop/500_win.coe] -no_script -reset -force -quiet
remove_files  c:/Users/Fanxin_meng/Desktop/500_win.coe
export_ip_user_files -of_objects  [get_files c:/Users/Fanxin_meng/Desktop/SEU_Picture_1_Rom.coe] -no_script -reset -force -quiet
remove_files  c:/Users/Fanxin_meng/Desktop/SEU_Picture_1_Rom.coe
WARNING: [IP_Flow 19-4067] Ignoring invalid widget type specified checkbox.Providing a default widget
WARNING: [IP_Flow 19-4067] Ignoring invalid widget type specified checkbox.Providing a default widget
INFO: [IP_Flow 19-3484] Absolute path of file 'd:/verilog_docs/HDMI_Demo/SEU_Picture_5_Rom.coe' provided. It will be converted relative to IP Instance files '../../../../SEU_Picture_5_Rom.coe'
set_property -dict [list CONFIG.Coe_File {D:/verilog_docs/HDMI_Demo/SEU_Picture_5_Rom.coe}] [get_ips Picture_G_Rom]
INFO: [IP_Flow 19-3484] Absolute path of file 'd:/verilog_docs/HDMI_Demo/SEU_Picture_5_Rom.coe' provided. It will be converted relative to IP Instance files '../../../../SEU_Picture_5_Rom.coe'
generate_target all [get_files  D:/verilog_docs/HDMI_Demo/HDMI_Demo.srcs/sources_1/ip/Picture_G_Rom/Picture_G_Rom.xci]
INFO: [IP_Flow 19-1686] Generating 'Instantiation Template' target for IP 'Picture_G_Rom'...
INFO: [IP_Flow 19-1686] Generating 'Synthesis' target for IP 'Picture_G_Rom'...
INFO: [IP_Flow 19-1686] Generating 'Simulation' target for IP 'Picture_G_Rom'...
INFO: [IP_Flow 19-1686] Generating 'Miscellaneous' target for IP 'Picture_G_Rom'...
INFO: [IP_Flow 19-1686] Generating 'Change Log' target for IP 'Picture_G_Rom'...
generate_target: Time (s): cpu = 00:01:21 ; elapsed = 00:01:15 . Memory (MB): peak = 1026.422 ; gain = 0.000
catch { config_ip_cache -export [get_ips -all Picture_G_Rom] }
export_ip_user_files -of_objects [get_files D:/verilog_docs/HDMI_Demo/HDMI_Demo.srcs/sources_1/ip/Picture_G_Rom/Picture_G_Rom.xci] -no_script -sync -force -quiet
reset_run Picture_G_Rom_synth_1
launch_runs -jobs 4 Picture_G_Rom_synth_1
[Sat Aug  1 16:32:33 2020] Launched Picture_G_Rom_synth_1...
Run output will be captured here: D:/verilog_docs/HDMI_Demo/HDMI_Demo.runs/Picture_G_Rom_synth_1/runme.log
export_simulation -of_objects [get_files D:/verilog_docs/HDMI_Demo/HDMI_Demo.srcs/sources_1/ip/Picture_G_Rom/Picture_G_Rom.xci] -directory D:/verilog_docs/HDMI_Demo/HDMI_Demo.ip_user_files/sim_scripts -ip_user_files_dir D:/verilog_docs/HDMI_Demo/HDMI_Demo.ip_user_files -ipstatic_source_dir D:/verilog_docs/HDMI_Demo/HDMI_Demo.ip_user_files/ipstatic -lib_map_path [list {modelsim=D:/verilog_docs/HDMI_Demo/HDMI_Demo.cache/compile_simlib/modelsim} {questa=D:/verilog_docs/HDMI_Demo/HDMI_Demo.cache/compile_simlib/questa} {riviera=D:/verilog_docs/HDMI_Demo/HDMI_Demo.cache/compile_simlib/riviera} {activehdl=D:/verilog_docs/HDMI_Demo/HDMI_Demo.cache/compile_simlib/activehdl}] -use_ip_compiled_libs -force -quiet
WARNING: [IP_Flow 19-4067] Ignoring invalid widget type specified checkbox.Providing a default widget
WARNING: [IP_Flow 19-4067] Ignoring invalid widget type specified checkbox.Providing a default widget
export_ip_user_files -of_objects  [get_files D:/verilog_docs/HDMI_Demo/SEU_Picture_2_Rom.coe] -no_script -reset -force -quiet
remove_files  D:/verilog_docs/HDMI_Demo/SEU_Picture_2_Rom.coe
reset_run synth_1
WARNING: [Vivado 12-1017] Problems encountered:
1. Failed to delete one or more files in run directory D:/verilog_docs/HDMI_Demo/HDMI_Demo.runs/synth_1

launch_runs impl_1 -to_step write_bitstream -jobs 4
[Sat Aug  1 16:33:21 2020] Launched Picture_G_Rom_synth_1, synth_1...
Run output will be captured here:
Picture_G_Rom_synth_1: D:/verilog_docs/HDMI_Demo/HDMI_Demo.runs/Picture_G_Rom_synth_1/runme.log
synth_1: D:/verilog_docs/HDMI_Demo/HDMI_Demo.runs/synth_1/runme.log
[Sat Aug  1 16:33:21 2020] Launched impl_1...
Run output will be captured here: D:/verilog_docs/HDMI_Demo/HDMI_Demo.runs/impl_1/runme.log
exit
INFO: [Common 17-206] Exiting Vivado at Sat Aug  1 16:37:01 2020...
