#-----------------------------------------------------------
# Vivado v2019.1 (64-bit)
# SW Build 2552052 on Fri May 24 14:49:42 MDT 2019
# IP Build 2548770 on Fri May 24 18:01:18 MDT 2019
# Start of session at: Sat Aug  1 16:39:49 2020
# Process ID: 3188
# Current directory: D:/verilog_docs/HDMI_Demo
# Command line: vivado.exe -gui_launcher_event rodinguilauncherevent1448 D:\verilog_docs\HDMI_Demo\HDMI_Demo.xpr
# Log file: D:/verilog_docs/HDMI_Demo/vivado.log
# Journal file: D:/verilog_docs/HDMI_Demo\vivado.jou
#-----------------------------------------------------------
start_gui
open_project D:/verilog_docs/HDMI_Demo/HDMI_Demo.xpr
Scanning sources...
Finished scanning sources
INFO: [IP_Flow 19-234] Refreshing IP repositories
INFO: [IP_Flow 19-1700] Loaded user IP repository 'd:/verilog_docs/RGB2DVI_IP'.
INFO: [IP_Flow 19-1700] Loaded user IP repository 'd:/verilog_docs/FPGA_IP'.
INFO: [IP_Flow 19-2313] Loaded Vivado IP repository 'D:/xilinx_2019/Vivado/2019.1/data/ip'.
WARNING: [IP_Flow 19-1663] Duplicate IP found for 'digilentinc.com:ip:rgb2dvi:1.2'. The one found in IP location 'd:/verilog_docs/RGB2DVI_IP' will take precedence over the same IP in location d:/verilog_docs/FPGA_IP/Mini-HDMI-IP/IP/RGB2DVI_IP
open_project: Time (s): cpu = 00:00:18 ; elapsed = 00:00:08 . Memory (MB): peak = 886.500 ; gain = 213.492
update_compile_order -fileset sources_1
export_ip_user_files -of_objects  [get_files D:/verilog_docs/lab_9_top.v] -no_script -reset -force -quiet
remove_files  D:/verilog_docs/lab_9_top.v
update_compile_order -fileset sources_1
WARNING: [filemgmt 20-1445] Cannot import file 'D:/verilog_docs/HDMI_Demo/HDMI_Demo.srcs/sources_1/imports/verilog_docs/lab_9_top.v' on top of itself. Importing a file from the imported source directory can cause this problem.
add_files -norecurse -scan_for_includes D:/verilog_docs/HDMI_Demo/HDMI_Demo.srcs/sources_1/imports/verilog_docs/lab_9_top.v
update_compile_order -fileset sources_1
export_ip_user_files -of_objects  [get_files D:/verilog_docs/HDMI_drive.v] -no_script -reset -force -quiet
remove_files  D:/verilog_docs/HDMI_drive.v
update_compile_order -fileset sources_1
WARNING: [filemgmt 20-1445] Cannot import file 'D:/verilog_docs/HDMI_Demo/HDMI_Demo.srcs/sources_1/imports/verilog_docs/HDMI_drive.v' on top of itself. Importing a file from the imported source directory can cause this problem.
add_files -norecurse -scan_for_includes D:/verilog_docs/HDMI_Demo/HDMI_Demo.srcs/sources_1/imports/verilog_docs/HDMI_drive.v
update_compile_order -fileset sources_1
exit
INFO: [Common 17-206] Exiting Vivado at Sat Aug  1 16:42:21 2020...
